The system is: Darwin - 23.0.0 - arm64
Compiling the C compiler identification source file "CMakeCCompilerId.c" succeeded.
Compiler: /Applications/Xcode.app/Contents/Developer/Toolchains/XcodeDefault.xctoolchain/usr/bin/cc 
Build flags: 
Id flags: -c 

The output was:
0


Compilation of the C compiler identification source "CMakeCCompilerId.c" produced "CMakeCCompilerId.o"

The C compiler identification is AppleClang, found in "/Users/anastasiakolomnikova/Documents/GitHub/CloudVisualization/cmake-build-debug/CMakeFiles/3.23.2/CompilerIdC/CMakeCCompilerId.o"

Compiling the CXX compiler identification source file "CMakeCXXCompilerId.cpp" succeeded.
Compiler: /opt/homebrew/bin/g++-12 
Build flags: 
Id flags: -c 

The output was:
0


Compilation of the CXX compiler identification source "CMakeCXXCompilerId.cpp" produced "CMakeCXXCompilerId.o"

The CXX compiler identification is GNU, found in "/Users/anastasiakolomnikova/Documents/GitHub/CloudVisualization/cmake-build-debug/CMakeFiles/3.23.2/CompilerIdCXX/CMakeCXXCompilerId.o"

Detecting C compiler ABI info compiled with the following output:
Change Dir: /Users/anastasiakolomnikova/Documents/GitHub/CloudVisualization/cmake-build-debug/CMakeFiles/CMakeTmp

Run Build Command(s):/Applications/CLion.app/Contents/bin/ninja/mac/ninja cmTC_920cd && [1/2] Building C object CMakeFiles/cmTC_920cd.dir/CMakeCCompilerABI.c.o
Apple clang version 15.0.0 (clang-1500.3.9.4)
Target: arm64-apple-darwin23.0.0
Thread model: posix
InstalledDir: /Applications/Xcode.app/Contents/Developer/Toolchains/XcodeDefault.xctoolchain/usr/bin
clang: warning: -Wl,-v: 'linker' input unused [-Wunused-command-line-argument]
 "/Applications/Xcode.app/Contents/Developer/Toolchains/XcodeDefault.xctoolchain/usr/bin/clang" -cc1 -triple arm64-apple-macosx14.0.0 -Wundef-prefix=TARGET_OS_ -Wdeprecated-objc-isa-usage -Werror=deprecated-objc-isa-usage -Werror=implicit-function-declaration -emit-obj -mrelax-all --mrelax-relocations -disable-free -clear-ast-before-backend -disable-llvm-verifier -discard-value-names -main-file-name CMakeCCompilerABI.c -mrelocation-model pic -pic-level 2 -mframe-pointer=non-leaf -fno-strict-return -ffp-contract=on -fno-rounding-math -funwind-tables=1 -fobjc-msgsend-selector-stubs -target-sdk-version=14.5 -fvisibility-inlines-hidden-static-local-var -target-cpu apple-m1 -target-feature +v8.5a -target-feature +crc -target-feature +lse -target-feature +rdm -target-feature +crypto -target-feature +dotprod -target-feature +fp-armv8 -target-feature +neon -target-feature +fp16fml -target-feature +ras -target-feature +rcpc -target-feature +zcm -target-feature +zcz -target-feature +fullfp16 -target-feature +sm4 -target-feature +sha3 -target-feature +sha2 -target-feature +aes -target-abi darwinpcs -debugger-tuning=lldb -target-linker-version 1053.12 -v -fcoverage-compilation-dir=/Users/anastasiakolomnikova/Documents/GitHub/CloudVisualization/cmake-build-debug/CMakeFiles/CMakeTmp -resource-dir /Applications/Xcode.app/Contents/Developer/Toolchains/XcodeDefault.xctoolchain/usr/lib/clang/15.0.0 -dependency-file CMakeFiles/cmTC_920cd.dir/CMakeCCompilerABI.c.o.d -skip-unused-modulemap-deps -MT CMakeFiles/cmTC_920cd.dir/CMakeCCompilerABI.c.o -sys-header-deps -isysroot /Applications/Xcode.app/Contents/Developer/Platforms/MacOSX.platform/Developer/SDKs/MacOSX14.5.sdk -internal-isystem /Applications/Xcode.app/Contents/Developer/Platforms/MacOSX.platform/Developer/SDKs/MacOSX14.5.sdk/usr/local/include -internal-isystem /Applications/Xcode.app/Contents/Developer/Toolchains/XcodeDefault.xctoolchain/usr/lib/clang/15.0.0/include -internal-externc-isystem /Applications/Xcode.app/Contents/Developer/Platforms/MacOSX.platform/Developer/SDKs/MacOSX14.5.sdk/usr/include -internal-externc-isystem /Applications/Xcode.app/Contents/Developer/Toolchains/XcodeDefault.xctoolchain/usr/include -Wno-reorder-init-list -Wno-implicit-int-float-conversion -Wno-c99-designator -Wno-final-dtor-non-final-class -Wno-extra-semi-stmt -Wno-misleading-indentation -Wno-quoted-include-in-framework-header -Wno-implicit-fallthrough -Wno-enum-enum-conversion -Wno-enum-float-conversion -Wno-elaborated-enum-base -Wno-reserved-identifier -Wno-gnu-folding-constant -fdebug-compilation-dir=/Users/anastasiakolomnikova/Documents/GitHub/CloudVisualization/cmake-build-debug/CMakeFiles/CMakeTmp -ferror-limit 19 -stack-protector 1 -fstack-check -mdarwin-stkchk-strong-link -fblocks -fencode-extended-block-signature -fregister-global-dtors-with-atexit -fgnuc-version=4.2.1 -fmax-type-align=16 -fcommon -clang-vendor-feature=+disableNonDependentMemberExprInCurrentInstantiation -fno-odr-hash-protocols -clang-vendor-feature=+enableAggressiveVLAFolding -clang-vendor-feature=+revert09abecef7bbf -clang-vendor-feature=+thisNoAlignAttr -clang-vendor-feature=+thisNoNullAttr -mllvm -disable-aligned-alloc-awareness=1 -D__GCC_HAVE_DWARF2_CFI_ASM=1 -o CMakeFiles/cmTC_920cd.dir/CMakeCCompilerABI.c.o -x c /Applications/CLion.app/Contents/bin/cmake/mac/share/cmake-3.23/Modules/CMakeCCompilerABI.c
clang -cc1 version 15.0.0 (clang-1500.3.9.4) default target arm64-apple-darwin23.0.0
ignoring nonexistent directory "/Applications/Xcode.app/Contents/Developer/Platforms/MacOSX.platform/Developer/SDKs/MacOSX14.5.sdk/usr/local/include"
ignoring nonexistent directory "/Applications/Xcode.app/Contents/Developer/Platforms/MacOSX.platform/Developer/SDKs/MacOSX14.5.sdk/Library/Frameworks"
#include "..." search starts here:
#include <...> search starts here:
 /Applications/Xcode.app/Contents/Developer/Toolchains/XcodeDefault.xctoolchain/usr/lib/clang/15.0.0/include
 /Applications/Xcode.app/Contents/Developer/Platforms/MacOSX.platform/Developer/SDKs/MacOSX14.5.sdk/usr/include
 /Applications/Xcode.app/Contents/Developer/Toolchains/XcodeDefault.xctoolchain/usr/include
 /Applications/Xcode.app/Contents/Developer/Platforms/MacOSX.platform/Developer/SDKs/MacOSX14.5.sdk/System/Library/Frameworks (framework directory)
End of search list.
[2/2] Linking C executable cmTC_920cd
Apple clang version 15.0.0 (clang-1500.3.9.4)
Target: arm64-apple-darwin23.0.0
Thread model: posix
InstalledDir: /Applications/Xcode.app/Contents/Developer/Toolchains/XcodeDefault.xctoolchain/usr/bin
 "/Applications/Xcode.app/Contents/Developer/Toolchains/XcodeDefault.xctoolchain/usr/bin/ld" -demangle -lto_library /Applications/Xcode.app/Contents/Developer/Toolchains/XcodeDefault.xctoolchain/usr/lib/libLTO.dylib -dynamic -arch arm64 -platform_version macos 14.0.0 14.5 -syslibroot /Applications/Xcode.app/Contents/Developer/Platforms/MacOSX.platform/Developer/SDKs/MacOSX14.5.sdk -o cmTC_920cd -search_paths_first -headerpad_max_install_names -v CMakeFiles/cmTC_920cd.dir/CMakeCCompilerABI.c.o -lSystem /Applications/Xcode.app/Contents/Developer/Toolchains/XcodeDefault.xctoolchain/usr/lib/clang/15.0.0/lib/darwin/libclang_rt.osx.a
@(#)PROGRAM:ld PROJECT:ld-1053.12
BUILD 10:15:51 Mar 29 2024
configured to support archs: armv6 armv7 armv7s arm64 arm64e arm64_32 i386 x86_64 x86_64h armv6m armv7k armv7m armv7em
will use ld-classic for: armv6 armv7 armv7s arm64_32 i386 armv6m armv7k armv7m armv7em
LTO support using: LLVM version 15.0.0 (static support for 29, runtime is 29)
TAPI support using: Apple TAPI version 15.0.0 (tapi-1500.3.2.2)
Library search paths:
	/Applications/Xcode.app/Contents/Developer/Platforms/MacOSX.platform/Developer/SDKs/MacOSX14.5.sdk/usr/lib
	/Applications/Xcode.app/Contents/Developer/Platforms/MacOSX.platform/Developer/SDKs/MacOSX14.5.sdk/usr/lib/swift
Framework search paths:
	/Applications/Xcode.app/Contents/Developer/Platforms/MacOSX.platform/Developer/SDKs/MacOSX14.5.sdk/System/Library/Frameworks



Parsed C implicit include dir info from above output: rv=done
  found start of include info
  found start of implicit include info
    add: [/Applications/Xcode.app/Contents/Developer/Toolchains/XcodeDefault.xctoolchain/usr/lib/clang/15.0.0/include]
    add: [/Applications/Xcode.app/Contents/Developer/Platforms/MacOSX.platform/Developer/SDKs/MacOSX14.5.sdk/usr/include]
    add: [/Applications/Xcode.app/Contents/Developer/Toolchains/XcodeDefault.xctoolchain/usr/include]
  end of search list found
  collapse include dir [/Applications/Xcode.app/Contents/Developer/Toolchains/XcodeDefault.xctoolchain/usr/lib/clang/15.0.0/include] ==> [/Applications/Xcode.app/Contents/Developer/Toolchains/XcodeDefault.xctoolchain/usr/lib/clang/15.0.0/include]
  collapse include dir [/Applications/Xcode.app/Contents/Developer/Platforms/MacOSX.platform/Developer/SDKs/MacOSX14.5.sdk/usr/include] ==> [/Applications/Xcode.app/Contents/Developer/Platforms/MacOSX.platform/Developer/SDKs/MacOSX14.5.sdk/usr/include]
  collapse include dir [/Applications/Xcode.app/Contents/Developer/Toolchains/XcodeDefault.xctoolchain/usr/include] ==> [/Applications/Xcode.app/Contents/Developer/Toolchains/XcodeDefault.xctoolchain/usr/include]
  implicit include dirs: [/Applications/Xcode.app/Contents/Developer/Toolchains/XcodeDefault.xctoolchain/usr/lib/clang/15.0.0/include;/Applications/Xcode.app/Contents/Developer/Platforms/MacOSX.platform/Developer/SDKs/MacOSX14.5.sdk/usr/include;/Applications/Xcode.app/Contents/Developer/Toolchains/XcodeDefault.xctoolchain/usr/include]


Parsed C implicit link information from above output:
  link line regex: [^( *|.*[/\])(ld|CMAKE_LINK_STARTFILE-NOTFOUND|([^/\]+-)?ld|collect2)[^/\]*( |$)]
  ignore line: [Change Dir: /Users/anastasiakolomnikova/Documents/GitHub/CloudVisualization/cmake-build-debug/CMakeFiles/CMakeTmp]
  ignore line: []
  ignore line: [Run Build Command(s):/Applications/CLion.app/Contents/bin/ninja/mac/ninja cmTC_920cd && [1/2] Building C object CMakeFiles/cmTC_920cd.dir/CMakeCCompilerABI.c.o]
  ignore line: [Apple clang version 15.0.0 (clang-1500.3.9.4)]
  ignore line: [Target: arm64-apple-darwin23.0.0]
  ignore line: [Thread model: posix]
  ignore line: [InstalledDir: /Applications/Xcode.app/Contents/Developer/Toolchains/XcodeDefault.xctoolchain/usr/bin]
  ignore line: [clang: warning: -Wl -v: 'linker' input unused [-Wunused-command-line-argument]]
  ignore line: [ "/Applications/Xcode.app/Contents/Developer/Toolchains/XcodeDefault.xctoolchain/usr/bin/clang" -cc1 -triple arm64-apple-macosx14.0.0 -Wundef-prefix=TARGET_OS_ -Wdeprecated-objc-isa-usage -Werror=deprecated-objc-isa-usage -Werror=implicit-function-declaration -emit-obj -mrelax-all --mrelax-relocations -disable-free -clear-ast-before-backend -disable-llvm-verifier -discard-value-names -main-file-name CMakeCCompilerABI.c -mrelocation-model pic -pic-level 2 -mframe-pointer=non-leaf -fno-strict-return -ffp-contract=on -fno-rounding-math -funwind-tables=1 -fobjc-msgsend-selector-stubs -target-sdk-version=14.5 -fvisibility-inlines-hidden-static-local-var -target-cpu apple-m1 -target-feature +v8.5a -target-feature +crc -target-feature +lse -target-feature +rdm -target-feature +crypto -target-feature +dotprod -target-feature +fp-armv8 -target-feature +neon -target-feature +fp16fml -target-feature +ras -target-feature +rcpc -target-feature +zcm -target-feature +zcz -target-feature +fullfp16 -target-feature +sm4 -target-feature +sha3 -target-feature +sha2 -target-feature +aes -target-abi darwinpcs -debugger-tuning=lldb -target-linker-version 1053.12 -v -fcoverage-compilation-dir=/Users/anastasiakolomnikova/Documents/GitHub/CloudVisualization/cmake-build-debug/CMakeFiles/CMakeTmp -resource-dir /Applications/Xcode.app/Contents/Developer/Toolchains/XcodeDefault.xctoolchain/usr/lib/clang/15.0.0 -dependency-file CMakeFiles/cmTC_920cd.dir/CMakeCCompilerABI.c.o.d -skip-unused-modulemap-deps -MT CMakeFiles/cmTC_920cd.dir/CMakeCCompilerABI.c.o -sys-header-deps -isysroot /Applications/Xcode.app/Contents/Developer/Platforms/MacOSX.platform/Developer/SDKs/MacOSX14.5.sdk -internal-isystem /Applications/Xcode.app/Contents/Developer/Platforms/MacOSX.platform/Developer/SDKs/MacOSX14.5.sdk/usr/local/include -internal-isystem /Applications/Xcode.app/Contents/Developer/Toolchains/XcodeDefault.xctoolchain/usr/lib/clang/15.0.0/include -internal-externc-isystem /Applications/Xcode.app/Contents/Developer/Platforms/MacOSX.platform/Developer/SDKs/MacOSX14.5.sdk/usr/include -internal-externc-isystem /Applications/Xcode.app/Contents/Developer/Toolchains/XcodeDefault.xctoolchain/usr/include -Wno-reorder-init-list -Wno-implicit-int-float-conversion -Wno-c99-designator -Wno-final-dtor-non-final-class -Wno-extra-semi-stmt -Wno-misleading-indentation -Wno-quoted-include-in-framework-header -Wno-implicit-fallthrough -Wno-enum-enum-conversion -Wno-enum-float-conversion -Wno-elaborated-enum-base -Wno-reserved-identifier -Wno-gnu-folding-constant -fdebug-compilation-dir=/Users/anastasiakolomnikova/Documents/GitHub/CloudVisualization/cmake-build-debug/CMakeFiles/CMakeTmp -ferror-limit 19 -stack-protector 1 -fstack-check -mdarwin-stkchk-strong-link -fblocks -fencode-extended-block-signature -fregister-global-dtors-with-atexit -fgnuc-version=4.2.1 -fmax-type-align=16 -fcommon -clang-vendor-feature=+disableNonDependentMemberExprInCurrentInstantiation -fno-odr-hash-protocols -clang-vendor-feature=+enableAggressiveVLAFolding -clang-vendor-feature=+revert09abecef7bbf -clang-vendor-feature=+thisNoAlignAttr -clang-vendor-feature=+thisNoNullAttr -mllvm -disable-aligned-alloc-awareness=1 -D__GCC_HAVE_DWARF2_CFI_ASM=1 -o CMakeFiles/cmTC_920cd.dir/CMakeCCompilerABI.c.o -x c /Applications/CLion.app/Contents/bin/cmake/mac/share/cmake-3.23/Modules/CMakeCCompilerABI.c]
  ignore line: [clang -cc1 version 15.0.0 (clang-1500.3.9.4) default target arm64-apple-darwin23.0.0]
  ignore line: [ignoring nonexistent directory "/Applications/Xcode.app/Contents/Developer/Platforms/MacOSX.platform/Developer/SDKs/MacOSX14.5.sdk/usr/local/include"]
  ignore line: [ignoring nonexistent directory "/Applications/Xcode.app/Contents/Developer/Platforms/MacOSX.platform/Developer/SDKs/MacOSX14.5.sdk/Library/Frameworks"]
  ignore line: [#include "..." search starts here:]
  ignore line: [#include <...> search starts here:]
  ignore line: [ /Applications/Xcode.app/Contents/Developer/Toolchains/XcodeDefault.xctoolchain/usr/lib/clang/15.0.0/include]
  ignore line: [ /Applications/Xcode.app/Contents/Developer/Platforms/MacOSX.platform/Developer/SDKs/MacOSX14.5.sdk/usr/include]
  ignore line: [ /Applications/Xcode.app/Contents/Developer/Toolchains/XcodeDefault.xctoolchain/usr/include]
  ignore line: [ /Applications/Xcode.app/Contents/Developer/Platforms/MacOSX.platform/Developer/SDKs/MacOSX14.5.sdk/System/Library/Frameworks (framework directory)]
  ignore line: [End of search list.]
  ignore line: [[2/2] Linking C executable cmTC_920cd]
  ignore line: [Apple clang version 15.0.0 (clang-1500.3.9.4)]
  ignore line: [Target: arm64-apple-darwin23.0.0]
  ignore line: [Thread model: posix]
  ignore line: [InstalledDir: /Applications/Xcode.app/Contents/Developer/Toolchains/XcodeDefault.xctoolchain/usr/bin]
  link line: [ "/Applications/Xcode.app/Contents/Developer/Toolchains/XcodeDefault.xctoolchain/usr/bin/ld" -demangle -lto_library /Applications/Xcode.app/Contents/Developer/Toolchains/XcodeDefault.xctoolchain/usr/lib/libLTO.dylib -dynamic -arch arm64 -platform_version macos 14.0.0 14.5 -syslibroot /Applications/Xcode.app/Contents/Developer/Platforms/MacOSX.platform/Developer/SDKs/MacOSX14.5.sdk -o cmTC_920cd -search_paths_first -headerpad_max_install_names -v CMakeFiles/cmTC_920cd.dir/CMakeCCompilerABI.c.o -lSystem /Applications/Xcode.app/Contents/Developer/Toolchains/XcodeDefault.xctoolchain/usr/lib/clang/15.0.0/lib/darwin/libclang_rt.osx.a]
    arg [/Applications/Xcode.app/Contents/Developer/Toolchains/XcodeDefault.xctoolchain/usr/bin/ld] ==> ignore
    arg [-demangle] ==> ignore
    arg [-lto_library] ==> ignore, skip following value
    arg [/Applications/Xcode.app/Contents/Developer/Toolchains/XcodeDefault.xctoolchain/usr/lib/libLTO.dylib] ==> skip value of -lto_library
    arg [-dynamic] ==> ignore
    arg [-arch] ==> ignore
    arg [arm64] ==> ignore
    arg [-platform_version] ==> ignore
    arg [macos] ==> ignore
    arg [14.0.0] ==> ignore
    arg [14.5] ==> ignore
    arg [-syslibroot] ==> ignore
    arg [/Applications/Xcode.app/Contents/Developer/Platforms/MacOSX.platform/Developer/SDKs/MacOSX14.5.sdk] ==> ignore
    arg [-o] ==> ignore
    arg [cmTC_920cd] ==> ignore
    arg [-search_paths_first] ==> ignore
    arg [-headerpad_max_install_names] ==> ignore
    arg [-v] ==> ignore
    arg [CMakeFiles/cmTC_920cd.dir/CMakeCCompilerABI.c.o] ==> ignore
    arg [-lSystem] ==> lib [System]
    arg [/Applications/Xcode.app/Contents/Developer/Toolchains/XcodeDefault.xctoolchain/usr/lib/clang/15.0.0/lib/darwin/libclang_rt.osx.a] ==> lib [/Applications/Xcode.app/Contents/Developer/Toolchains/XcodeDefault.xctoolchain/usr/lib/clang/15.0.0/lib/darwin/libclang_rt.osx.a]
  Library search paths: [;/Applications/Xcode.app/Contents/Developer/Platforms/MacOSX.platform/Developer/SDKs/MacOSX14.5.sdk/usr/lib;/Applications/Xcode.app/Contents/Developer/Platforms/MacOSX.platform/Developer/SDKs/MacOSX14.5.sdk/usr/lib/swift]
  Framework search paths: [;/Applications/Xcode.app/Contents/Developer/Platforms/MacOSX.platform/Developer/SDKs/MacOSX14.5.sdk/System/Library/Frameworks]
  remove lib [System]
  remove lib [/Applications/Xcode.app/Contents/Developer/Toolchains/XcodeDefault.xctoolchain/usr/lib/clang/15.0.0/lib/darwin/libclang_rt.osx.a]
  collapse library dir [/Applications/Xcode.app/Contents/Developer/Platforms/MacOSX.platform/Developer/SDKs/MacOSX14.5.sdk/usr/lib] ==> [/Applications/Xcode.app/Contents/Developer/Platforms/MacOSX.platform/Developer/SDKs/MacOSX14.5.sdk/usr/lib]
  collapse library dir [/Applications/Xcode.app/Contents/Developer/Platforms/MacOSX.platform/Developer/SDKs/MacOSX14.5.sdk/usr/lib/swift] ==> [/Applications/Xcode.app/Contents/Developer/Platforms/MacOSX.platform/Developer/SDKs/MacOSX14.5.sdk/usr/lib/swift]
  collapse framework dir [/Applications/Xcode.app/Contents/Developer/Platforms/MacOSX.platform/Developer/SDKs/MacOSX14.5.sdk/System/Library/Frameworks] ==> [/Applications/Xcode.app/Contents/Developer/Platforms/MacOSX.platform/Developer/SDKs/MacOSX14.5.sdk/System/Library/Frameworks]
  implicit libs: []
  implicit objs: []
  implicit dirs: [/Applications/Xcode.app/Contents/Developer/Platforms/MacOSX.platform/Developer/SDKs/MacOSX14.5.sdk/usr/lib;/Applications/Xcode.app/Contents/Developer/Platforms/MacOSX.platform/Developer/SDKs/MacOSX14.5.sdk/usr/lib/swift]
  implicit fwks: [/Applications/Xcode.app/Contents/Developer/Platforms/MacOSX.platform/Developer/SDKs/MacOSX14.5.sdk/System/Library/Frameworks]


Detecting CXX compiler ABI info compiled with the following output:
Change Dir: /Users/anastasiakolomnikova/Documents/GitHub/CloudVisualization/cmake-build-debug/CMakeFiles/CMakeTmp

Run Build Command(s):/Applications/CLion.app/Contents/bin/ninja/mac/ninja cmTC_fc3f9 && [1/2] Building CXX object CMakeFiles/cmTC_fc3f9.dir/CMakeCXXCompilerABI.cpp.o
Using built-in specs.
COLLECT_GCC=/opt/homebrew/bin/g++-12
Target: aarch64-apple-darwin23
Configured with: ../configure --prefix=/opt/homebrew/opt/gcc@12 --libdir=/opt/homebrew/opt/gcc@12/lib/gcc/12 --disable-nls --enable-checking=release --with-gcc-major-version-only --enable-languages=c,c++,objc,obj-c++,fortran --program-suffix=-12 --with-gmp=/opt/homebrew/opt/gmp --with-mpfr=/opt/homebrew/opt/mpfr --with-mpc=/opt/homebrew/opt/libmpc --with-isl=/opt/homebrew/opt/isl --with-zstd=/opt/homebrew/opt/zstd --with-pkgversion='Homebrew GCC 12.4.0' --with-bugurl=https://github.com/Homebrew/homebrew-core/issues --with-system-zlib --build=aarch64-apple-darwin23 --with-sysroot=/Library/Developer/CommandLineTools/SDKs/MacOSX14.sdk --with-ld=/Library/Developer/CommandLineTools/usr/bin/ld-classic
Thread model: posix
Supported LTO compression algorithms: zlib zstd
gcc version 12.4.0 (Homebrew GCC 12.4.0) 
COLLECT_GCC_OPTIONS='-isysroot' '/Applications/Xcode.app/Contents/Developer/Platforms/MacOSX.platform/Developer/SDKs/MacOSX14.5.sdk' '-v' '-o' 'CMakeFiles/cmTC_fc3f9.dir/CMakeCXXCompilerABI.cpp.o' '-c' '-mmacosx-version-min=14.0' '-asm_macosx_version_min=14.0' '-nodefaultexport' '-mcpu=apple-m1' '-mlittle-endian' '-mabi=lp64' '-dumpdir' 'CMakeFiles/cmTC_fc3f9.dir/'
 /opt/homebrew/Cellar/gcc@12/12.4.0/bin/../libexec/gcc/aarch64-apple-darwin23/12/cc1plus -quiet -v -iprefix /opt/homebrew/Cellar/gcc@12/12.4.0/bin/../lib/gcc/12/gcc/aarch64-apple-darwin23/12/ -D__DYNAMIC__ -isysroot /Applications/Xcode.app/Contents/Developer/Platforms/MacOSX.platform/Developer/SDKs/MacOSX14.5.sdk /Applications/CLion.app/Contents/bin/cmake/mac/share/cmake-3.23/Modules/CMakeCXXCompilerABI.cpp -fPIC -quiet -dumpdir CMakeFiles/cmTC_fc3f9.dir/ -dumpbase CMakeCXXCompilerABI.cpp.cpp -dumpbase-ext .cpp -mmacosx-version-min=14.0 -mcpu=apple-m1 -mlittle-endian -mabi=lp64 -version -o /var/folders/0j/dgd_zzvs06n0xlmt86tcnbx40000gn/T//ccmy6jXt.s
GNU C++17 (Homebrew GCC 12.4.0) version 12.4.0 (aarch64-apple-darwin23)
	compiled by GNU C version 12.4.0, GMP version 6.3.0, MPFR version 4.2.1, MPC version 1.3.1, isl version isl-0.27-GMP

GGC heuristics: --param ggc-min-expand=100 --param ggc-min-heapsize=131072
ignoring nonexistent directory "/opt/homebrew/Cellar/gcc@12/12.4.0/bin/../lib/gcc/12/gcc/aarch64-apple-darwin23/12/../../../../../../aarch64-apple-darwin23/include"
ignoring duplicate directory "/opt/homebrew/Cellar/gcc@12/12.4.0/bin/../lib/gcc/12/gcc/../../../../lib/gcc/12/gcc/aarch64-apple-darwin23/12/../../../../../../include/c++/12"
ignoring duplicate directory "/opt/homebrew/Cellar/gcc@12/12.4.0/bin/../lib/gcc/12/gcc/../../../../lib/gcc/12/gcc/aarch64-apple-darwin23/12/../../../../../../include/c++/12/aarch64-apple-darwin23"
ignoring duplicate directory "/opt/homebrew/Cellar/gcc@12/12.4.0/bin/../lib/gcc/12/gcc/../../../../lib/gcc/12/gcc/aarch64-apple-darwin23/12/../../../../../../include/c++/12/backward"
ignoring duplicate directory "/opt/homebrew/Cellar/gcc@12/12.4.0/bin/../lib/gcc/12/gcc/../../../../lib/gcc/12/gcc/aarch64-apple-darwin23/12/include"
ignoring nonexistent directory "/Applications/Xcode.app/Contents/Developer/Platforms/MacOSX.platform/Developer/SDKs/MacOSX14.5.sdk/usr/local/include"
ignoring duplicate directory "/opt/homebrew/Cellar/gcc@12/12.4.0/bin/../lib/gcc/12/gcc/../../../../lib/gcc/12/gcc/aarch64-apple-darwin23/12/include-fixed"
ignoring nonexistent directory "/opt/homebrew/Cellar/gcc@12/12.4.0/bin/../lib/gcc/12/gcc/../../../../lib/gcc/12/gcc/aarch64-apple-darwin23/12/../../../../../../aarch64-apple-darwin23/include"
ignoring nonexistent directory "/Applications/Xcode.app/Contents/Developer/Platforms/MacOSX.platform/Developer/SDKs/MacOSX14.5.sdk/Library/Frameworks"
#include "..." search starts here:
#include <...> search starts here:
 /opt/homebrew/Cellar/gcc@12/12.4.0/bin/../lib/gcc/12/gcc/aarch64-apple-darwin23/12/../../../../../../include/c++/12
 /opt/homebrew/Cellar/gcc@12/12.4.0/bin/../lib/gcc/12/gcc/aarch64-apple-darwin23/12/../../../../../../include/c++/12/aarch64-apple-darwin23
 /opt/homebrew/Cellar/gcc@12/12.4.0/bin/../lib/gcc/12/gcc/aarch64-apple-darwin23/12/../../../../../../include/c++/12/backward
 /opt/homebrew/Cellar/gcc@12/12.4.0/bin/../lib/gcc/12/gcc/aarch64-apple-darwin23/12/include
 /opt/homebrew/Cellar/gcc@12/12.4.0/bin/../lib/gcc/12/gcc/aarch64-apple-darwin23/12/include-fixed
 /Applications/Xcode.app/Contents/Developer/Platforms/MacOSX.platform/Developer/SDKs/MacOSX14.5.sdk/usr/include
 /Applications/Xcode.app/Contents/Developer/Platforms/MacOSX.platform/Developer/SDKs/MacOSX14.5.sdk/System/Library/Frameworks
End of search list.
Compiler executable checksum: b344e14dd41fd11f0b668b9a8f1b1ca5
COLLECT_GCC_OPTIONS='-isysroot' '/Applications/Xcode.app/Contents/Developer/Platforms/MacOSX.platform/Developer/SDKs/MacOSX14.5.sdk' '-v' '-o' 'CMakeFiles/cmTC_fc3f9.dir/CMakeCXXCompilerABI.cpp.o' '-c' '-mmacosx-version-min=14.0'  '-nodefaultexport' '-mcpu=apple-m1' '-mlittle-endian' '-mabi=lp64' '-dumpdir' 'CMakeFiles/cmTC_fc3f9.dir/'
 as -arch arm64 -v -mmacosx-version-min=14.0 -o CMakeFiles/cmTC_fc3f9.dir/CMakeCXXCompilerABI.cpp.o /var/folders/0j/dgd_zzvs06n0xlmt86tcnbx40000gn/T//ccmy6jXt.s
Apple clang version 15.0.0 (clang-1500.3.9.4)
Target: arm64-apple-darwin23.0.0
Thread model: posix
InstalledDir: /Applications/Xcode.app/Contents/Developer/Toolchains/XcodeDefault.xctoolchain/usr/bin
 "/Applications/Xcode.app/Contents/Developer/Toolchains/XcodeDefault.xctoolchain/usr/bin/clang" -cc1as -triple arm64-apple-macosx14.0.0 -filetype obj -main-file-name ccmy6jXt.s -target-cpu apple-m1 -target-feature +v8.5a -target-feature +crc -target-feature +lse -target-feature +rdm -target-feature +crypto -target-feature +dotprod -target-feature +fp-armv8 -target-feature +neon -target-feature +fp16fml -target-feature +ras -target-feature +rcpc -target-feature +zcm -target-feature +zcz -target-feature +fullfp16 -target-feature +sm4 -target-feature +sha3 -target-feature +sha2 -target-feature +aes -fdebug-compilation-dir=/Users/anastasiakolomnikova/Documents/GitHub/CloudVisualization/cmake-build-debug/CMakeFiles/CMakeTmp -dwarf-debug-producer "Apple clang version 15.0.0 (clang-1500.3.9.4)" -dwarf-version=4 -mrelocation-model pic --mrelax-relocations -mllvm -disable-aligned-alloc-awareness=1 -o CMakeFiles/cmTC_fc3f9.dir/CMakeCXXCompilerABI.cpp.o /var/folders/0j/dgd_zzvs06n0xlmt86tcnbx40000gn/T//ccmy6jXt.s
COMPILER_PATH=/opt/homebrew/Cellar/gcc@12/12.4.0/bin/../libexec/gcc/aarch64-apple-darwin23/12/:/opt/homebrew/Cellar/gcc@12/12.4.0/bin/../libexec/gcc/
LIBRARY_PATH=/opt/homebrew/Cellar/gcc@12/12.4.0/bin/../lib/gcc/12/gcc/aarch64-apple-darwin23/12/:/opt/homebrew/Cellar/gcc@12/12.4.0/bin/../lib/gcc/12/gcc/:/opt/homebrew/Cellar/gcc@12/12.4.0/bin/../lib/gcc/12/gcc/aarch64-apple-darwin23/12/../../../
COLLECT_GCC_OPTIONS='-isysroot' '/Applications/Xcode.app/Contents/Developer/Platforms/MacOSX.platform/Developer/SDKs/MacOSX14.5.sdk' '-v' '-o' 'CMakeFiles/cmTC_fc3f9.dir/CMakeCXXCompilerABI.cpp.o' '-c' '-mmacosx-version-min=14.0'  '-nodefaultexport' '-mcpu=apple-m1' '-mlittle-endian' '-mabi=lp64' '-dumpdir' 'CMakeFiles/cmTC_fc3f9.dir/CMakeCXXCompilerABI.cpp.'
[2/2] Linking CXX executable cmTC_fc3f9
Using built-in specs.
COLLECT_GCC=/opt/homebrew/bin/g++-12
COLLECT_LTO_WRAPPER=/opt/homebrew/Cellar/gcc@12/12.4.0/bin/../libexec/gcc/aarch64-apple-darwin23/12/lto-wrapper
Target: aarch64-apple-darwin23
Configured with: ../configure --prefix=/opt/homebrew/opt/gcc@12 --libdir=/opt/homebrew/opt/gcc@12/lib/gcc/12 --disable-nls --enable-checking=release --with-gcc-major-version-only --enable-languages=c,c++,objc,obj-c++,fortran --program-suffix=-12 --with-gmp=/opt/homebrew/opt/gmp --with-mpfr=/opt/homebrew/opt/mpfr --with-mpc=/opt/homebrew/opt/libmpc --with-isl=/opt/homebrew/opt/isl --with-zstd=/opt/homebrew/opt/zstd --with-pkgversion='Homebrew GCC 12.4.0' --with-bugurl=https://github.com/Homebrew/homebrew-core/issues --with-system-zlib --build=aarch64-apple-darwin23 --with-sysroot=/Library/Developer/CommandLineTools/SDKs/MacOSX14.sdk --with-ld=/Library/Developer/CommandLineTools/usr/bin/ld-classic
Thread model: posix
Supported LTO compression algorithms: zlib zstd
gcc version 12.4.0 (Homebrew GCC 12.4.0) 
COMPILER_PATH=/opt/homebrew/Cellar/gcc@12/12.4.0/bin/../libexec/gcc/aarch64-apple-darwin23/12/:/opt/homebrew/Cellar/gcc@12/12.4.0/bin/../libexec/gcc/
LIBRARY_PATH=/opt/homebrew/Cellar/gcc@12/12.4.0/bin/../lib/gcc/12/gcc/aarch64-apple-darwin23/12/:/opt/homebrew/Cellar/gcc@12/12.4.0/bin/../lib/gcc/12/gcc/:/opt/homebrew/Cellar/gcc@12/12.4.0/bin/../lib/gcc/12/gcc/aarch64-apple-darwin23/12/../../../
COLLECT_GCC_OPTIONS='-isysroot' '/Applications/Xcode.app/Contents/Developer/Platforms/MacOSX.platform/Developer/SDKs/MacOSX14.5.sdk' '-v' '-o' 'cmTC_fc3f9' '-mmacosx-version-min=14.0' '-asm_macosx_version_min=14.0' '-nodefaultexport' '-mcpu=apple-m1' '-mlittle-endian' '-mabi=lp64' '-dumpdir' 'cmTC_fc3f9.'
 /opt/homebrew/Cellar/gcc@12/12.4.0/bin/../libexec/gcc/aarch64-apple-darwin23/12/collect2 -demangle -dynamic -arch arm64 -syslibroot /Applications/Xcode.app/Contents/Developer/Platforms/MacOSX.platform/Developer/SDKs/MacOSX14.5.sdk -platform_version macos 14.0 0.0 -o cmTC_fc3f9 -L/opt/homebrew/Cellar/gcc@12/12.4.0/bin/../lib/gcc/12/gcc/aarch64-apple-darwin23/12 -L/opt/homebrew/Cellar/gcc@12/12.4.0/bin/../lib/gcc/12/gcc -L/opt/homebrew/Cellar/gcc@12/12.4.0/bin/../lib/gcc/12/gcc/aarch64-apple-darwin23/12/../../.. -lemutls_w -lheapt_w -search_paths_first -headerpad_max_install_names -v CMakeFiles/cmTC_fc3f9.dir/CMakeCXXCompilerABI.cpp.o -lstdc++ -lgcc -lSystem -no_compact_unwind -rpath @loader_path -rpath /opt/homebrew/Cellar/gcc@12/12.4.0/lib/gcc/12/gcc/aarch64-apple-darwin23/12 -rpath /opt/homebrew/Cellar/gcc@12/12.4.0/lib/gcc/12/gcc -rpath /opt/homebrew/Cellar/gcc@12/12.4.0/lib/gcc/12
collect2 version 12.4.0
/usr/bin/ld -demangle -dynamic -arch arm64 -syslibroot /Applications/Xcode.app/Contents/Developer/Platforms/MacOSX.platform/Developer/SDKs/MacOSX14.5.sdk -platform_version macos 14.0 0.0 -o cmTC_fc3f9 -L/opt/homebrew/Cellar/gcc@12/12.4.0/bin/../lib/gcc/12/gcc/aarch64-apple-darwin23/12 -L/opt/homebrew/Cellar/gcc@12/12.4.0/bin/../lib/gcc/12/gcc -L/opt/homebrew/Cellar/gcc@12/12.4.0/bin/../lib/gcc/12/gcc/aarch64-apple-darwin23/12/../../.. -lemutls_w -lheapt_w -search_paths_first -headerpad_max_install_names -v CMakeFiles/cmTC_fc3f9.dir/CMakeCXXCompilerABI.cpp.o -lstdc++ -lgcc -lSystem -no_compact_unwind -rpath @loader_path -rpath /opt/homebrew/Cellar/gcc@12/12.4.0/lib/gcc/12/gcc/aarch64-apple-darwin23/12 -rpath /opt/homebrew/Cellar/gcc@12/12.4.0/lib/gcc/12/gcc -rpath /opt/homebrew/Cellar/gcc@12/12.4.0/lib/gcc/12
@(#)PROGRAM:ld PROJECT:ld-1053.12
BUILD 10:15:51 Mar 29 2024
configured to support archs: armv6 armv7 armv7s arm64 arm64e arm64_32 i386 x86_64 x86_64h armv6m armv7k armv7m armv7em
will use ld-classic for: armv6 armv7 armv7s arm64_32 i386 armv6m armv7k armv7m armv7em
LTO support using: LLVM version 15.0.0 (static support for 29, runtime is 29)
TAPI support using: Apple TAPI version 15.0.0 (tapi-1500.3.2.2)
Library search paths:
	/opt/homebrew/Cellar/gcc@12/12.4.0/lib/gcc/12/gcc/aarch64-apple-darwin23/12
	/opt/homebrew/Cellar/gcc@12/12.4.0/lib/gcc/12/gcc
	/opt/homebrew/Cellar/gcc@12/12.4.0/lib/gcc/12
	/Applications/Xcode.app/Contents/Developer/Platforms/MacOSX.platform/Developer/SDKs/MacOSX14.5.sdk/usr/lib
	/Applications/Xcode.app/Contents/Developer/Platforms/MacOSX.platform/Developer/SDKs/MacOSX14.5.sdk/usr/lib/swift
Framework search paths:
	/Applications/Xcode.app/Contents/Developer/Platforms/MacOSX.platform/Developer/SDKs/MacOSX14.5.sdk/System/Library/Frameworks



Parsed CXX implicit include dir info from above output: rv=done
  found start of include info
  found start of implicit include info
    add: [/opt/homebrew/Cellar/gcc@12/12.4.0/bin/../lib/gcc/12/gcc/aarch64-apple-darwin23/12/../../../../../../include/c++/12]
    add: [/opt/homebrew/Cellar/gcc@12/12.4.0/bin/../lib/gcc/12/gcc/aarch64-apple-darwin23/12/../../../../../../include/c++/12/aarch64-apple-darwin23]
    add: [/opt/homebrew/Cellar/gcc@12/12.4.0/bin/../lib/gcc/12/gcc/aarch64-apple-darwin23/12/../../../../../../include/c++/12/backward]
    add: [/opt/homebrew/Cellar/gcc@12/12.4.0/bin/../lib/gcc/12/gcc/aarch64-apple-darwin23/12/include]
    add: [/opt/homebrew/Cellar/gcc@12/12.4.0/bin/../lib/gcc/12/gcc/aarch64-apple-darwin23/12/include-fixed]
    add: [/Applications/Xcode.app/Contents/Developer/Platforms/MacOSX.platform/Developer/SDKs/MacOSX14.5.sdk/usr/include]
    add: [/Applications/Xcode.app/Contents/Developer/Platforms/MacOSX.platform/Developer/SDKs/MacOSX14.5.sdk/System/Library/Frameworks]
  end of search list found
  collapse include dir [/opt/homebrew/Cellar/gcc@12/12.4.0/bin/../lib/gcc/12/gcc/aarch64-apple-darwin23/12/../../../../../../include/c++/12] ==> [/opt/homebrew/Cellar/gcc@12/12.4.0/include/c++/12]
  collapse include dir [/opt/homebrew/Cellar/gcc@12/12.4.0/bin/../lib/gcc/12/gcc/aarch64-apple-darwin23/12/../../../../../../include/c++/12/aarch64-apple-darwin23] ==> [/opt/homebrew/Cellar/gcc@12/12.4.0/include/c++/12/aarch64-apple-darwin23]
  collapse include dir [/opt/homebrew/Cellar/gcc@12/12.4.0/bin/../lib/gcc/12/gcc/aarch64-apple-darwin23/12/../../../../../../include/c++/12/backward] ==> [/opt/homebrew/Cellar/gcc@12/12.4.0/include/c++/12/backward]
  collapse include dir [/opt/homebrew/Cellar/gcc@12/12.4.0/bin/../lib/gcc/12/gcc/aarch64-apple-darwin23/12/include] ==> [/opt/homebrew/Cellar/gcc@12/12.4.0/lib/gcc/12/gcc/aarch64-apple-darwin23/12/include]
  collapse include dir [/opt/homebrew/Cellar/gcc@12/12.4.0/bin/../lib/gcc/12/gcc/aarch64-apple-darwin23/12/include-fixed] ==> [/opt/homebrew/Cellar/gcc@12/12.4.0/lib/gcc/12/gcc/aarch64-apple-darwin23/12/include-fixed]
  collapse include dir [/Applications/Xcode.app/Contents/Developer/Platforms/MacOSX.platform/Developer/SDKs/MacOSX14.5.sdk/usr/include] ==> [/Applications/Xcode.app/Contents/Developer/Platforms/MacOSX.platform/Developer/SDKs/MacOSX14.5.sdk/usr/include]
  collapse include dir [/Applications/Xcode.app/Contents/Developer/Platforms/MacOSX.platform/Developer/SDKs/MacOSX14.5.sdk/System/Library/Frameworks] ==> [/Applications/Xcode.app/Contents/Developer/Platforms/MacOSX.platform/Developer/SDKs/MacOSX14.5.sdk/System/Library/Frameworks]
  implicit include dirs: [/opt/homebrew/Cellar/gcc@12/12.4.0/include/c++/12;/opt/homebrew/Cellar/gcc@12/12.4.0/include/c++/12/aarch64-apple-darwin23;/opt/homebrew/Cellar/gcc@12/12.4.0/include/c++/12/backward;/opt/homebrew/Cellar/gcc@12/12.4.0/lib/gcc/12/gcc/aarch64-apple-darwin23/12/include;/opt/homebrew/Cellar/gcc@12/12.4.0/lib/gcc/12/gcc/aarch64-apple-darwin23/12/include-fixed;/Applications/Xcode.app/Contents/Developer/Platforms/MacOSX.platform/Developer/SDKs/MacOSX14.5.sdk/usr/include;/Applications/Xcode.app/Contents/Developer/Platforms/MacOSX.platform/Developer/SDKs/MacOSX14.5.sdk/System/Library/Frameworks]


Parsed CXX implicit link information from above output:
  link line regex: [^( *|.*[/\])(ld|CMAKE_LINK_STARTFILE-NOTFOUND|([^/\]+-)?ld|collect2)[^/\]*( |$)]
  ignore line: [Change Dir: /Users/anastasiakolomnikova/Documents/GitHub/CloudVisualization/cmake-build-debug/CMakeFiles/CMakeTmp]
  ignore line: []
  ignore line: [Run Build Command(s):/Applications/CLion.app/Contents/bin/ninja/mac/ninja cmTC_fc3f9 && [1/2] Building CXX object CMakeFiles/cmTC_fc3f9.dir/CMakeCXXCompilerABI.cpp.o]
  ignore line: [Using built-in specs.]
  ignore line: [COLLECT_GCC=/opt/homebrew/bin/g++-12]
  ignore line: [Target: aarch64-apple-darwin23]
  ignore line: [Configured with: ../configure --prefix=/opt/homebrew/opt/gcc@12 --libdir=/opt/homebrew/opt/gcc@12/lib/gcc/12 --disable-nls --enable-checking=release --with-gcc-major-version-only --enable-languages=c,c++,objc,obj-c++,fortran --program-suffix=-12 --with-gmp=/opt/homebrew/opt/gmp --with-mpfr=/opt/homebrew/opt/mpfr --with-mpc=/opt/homebrew/opt/libmpc --with-isl=/opt/homebrew/opt/isl --with-zstd=/opt/homebrew/opt/zstd --with-pkgversion='Homebrew GCC 12.4.0' --with-bugurl=https://github.com/Homebrew/homebrew-core/issues --with-system-zlib --build=aarch64-apple-darwin23 --with-sysroot=/Library/Developer/CommandLineTools/SDKs/MacOSX14.sdk --with-ld=/Library/Developer/CommandLineTools/usr/bin/ld-classic]
  ignore line: [Thread model: posix]
  ignore line: [Supported LTO compression algorithms: zlib zstd]
  ignore line: [gcc version 12.4.0 (Homebrew GCC 12.4.0) ]
  ignore line: [COLLECT_GCC_OPTIONS='-isysroot' '/Applications/Xcode.app/Contents/Developer/Platforms/MacOSX.platform/Developer/SDKs/MacOSX14.5.sdk' '-v' '-o' 'CMakeFiles/cmTC_fc3f9.dir/CMakeCXXCompilerABI.cpp.o' '-c' '-mmacosx-version-min=14.0' '-asm_macosx_version_min=14.0' '-nodefaultexport' '-mcpu=apple-m1' '-mlittle-endian' '-mabi=lp64' '-dumpdir' 'CMakeFiles/cmTC_fc3f9.dir/']
  ignore line: [ /opt/homebrew/Cellar/gcc@12/12.4.0/bin/../libexec/gcc/aarch64-apple-darwin23/12/cc1plus -quiet -v -iprefix /opt/homebrew/Cellar/gcc@12/12.4.0/bin/../lib/gcc/12/gcc/aarch64-apple-darwin23/12/ -D__DYNAMIC__ -isysroot /Applications/Xcode.app/Contents/Developer/Platforms/MacOSX.platform/Developer/SDKs/MacOSX14.5.sdk /Applications/CLion.app/Contents/bin/cmake/mac/share/cmake-3.23/Modules/CMakeCXXCompilerABI.cpp -fPIC -quiet -dumpdir CMakeFiles/cmTC_fc3f9.dir/ -dumpbase CMakeCXXCompilerABI.cpp.cpp -dumpbase-ext .cpp -mmacosx-version-min=14.0 -mcpu=apple-m1 -mlittle-endian -mabi=lp64 -version -o /var/folders/0j/dgd_zzvs06n0xlmt86tcnbx40000gn/T//ccmy6jXt.s]
  ignore line: [GNU C++17 (Homebrew GCC 12.4.0) version 12.4.0 (aarch64-apple-darwin23)]
  ignore line: [	compiled by GNU C version 12.4.0  GMP version 6.3.0  MPFR version 4.2.1  MPC version 1.3.1  isl version isl-0.27-GMP]
  ignore line: []
  ignore line: [GGC heuristics: --param ggc-min-expand=100 --param ggc-min-heapsize=131072]
  ignore line: [ignoring nonexistent directory "/opt/homebrew/Cellar/gcc@12/12.4.0/bin/../lib/gcc/12/gcc/aarch64-apple-darwin23/12/../../../../../../aarch64-apple-darwin23/include"]
  ignore line: [ignoring duplicate directory "/opt/homebrew/Cellar/gcc@12/12.4.0/bin/../lib/gcc/12/gcc/../../../../lib/gcc/12/gcc/aarch64-apple-darwin23/12/../../../../../../include/c++/12"]
  ignore line: [ignoring duplicate directory "/opt/homebrew/Cellar/gcc@12/12.4.0/bin/../lib/gcc/12/gcc/../../../../lib/gcc/12/gcc/aarch64-apple-darwin23/12/../../../../../../include/c++/12/aarch64-apple-darwin23"]
  ignore line: [ignoring duplicate directory "/opt/homebrew/Cellar/gcc@12/12.4.0/bin/../lib/gcc/12/gcc/../../../../lib/gcc/12/gcc/aarch64-apple-darwin23/12/../../../../../../include/c++/12/backward"]
  ignore line: [ignoring duplicate directory "/opt/homebrew/Cellar/gcc@12/12.4.0/bin/../lib/gcc/12/gcc/../../../../lib/gcc/12/gcc/aarch64-apple-darwin23/12/include"]
  ignore line: [ignoring nonexistent directory "/Applications/Xcode.app/Contents/Developer/Platforms/MacOSX.platform/Developer/SDKs/MacOSX14.5.sdk/usr/local/include"]
  ignore line: [ignoring duplicate directory "/opt/homebrew/Cellar/gcc@12/12.4.0/bin/../lib/gcc/12/gcc/../../../../lib/gcc/12/gcc/aarch64-apple-darwin23/12/include-fixed"]
  ignore line: [ignoring nonexistent directory "/opt/homebrew/Cellar/gcc@12/12.4.0/bin/../lib/gcc/12/gcc/../../../../lib/gcc/12/gcc/aarch64-apple-darwin23/12/../../../../../../aarch64-apple-darwin23/include"]
  ignore line: [ignoring nonexistent directory "/Applications/Xcode.app/Contents/Developer/Platforms/MacOSX.platform/Developer/SDKs/MacOSX14.5.sdk/Library/Frameworks"]
  ignore line: [#include "..." search starts here:]
  ignore line: [#include <...> search starts here:]
  ignore line: [ /opt/homebrew/Cellar/gcc@12/12.4.0/bin/../lib/gcc/12/gcc/aarch64-apple-darwin23/12/../../../../../../include/c++/12]
  ignore line: [ /opt/homebrew/Cellar/gcc@12/12.4.0/bin/../lib/gcc/12/gcc/aarch64-apple-darwin23/12/../../../../../../include/c++/12/aarch64-apple-darwin23]
  ignore line: [ /opt/homebrew/Cellar/gcc@12/12.4.0/bin/../lib/gcc/12/gcc/aarch64-apple-darwin23/12/../../../../../../include/c++/12/backward]
  ignore line: [ /opt/homebrew/Cellar/gcc@12/12.4.0/bin/../lib/gcc/12/gcc/aarch64-apple-darwin23/12/include]
  ignore line: [ /opt/homebrew/Cellar/gcc@12/12.4.0/bin/../lib/gcc/12/gcc/aarch64-apple-darwin23/12/include-fixed]
  ignore line: [ /Applications/Xcode.app/Contents/Developer/Platforms/MacOSX.platform/Developer/SDKs/MacOSX14.5.sdk/usr/include]
  ignore line: [ /Applications/Xcode.app/Contents/Developer/Platforms/MacOSX.platform/Developer/SDKs/MacOSX14.5.sdk/System/Library/Frameworks]
  ignore line: [End of search list.]
  ignore line: [Compiler executable checksum: b344e14dd41fd11f0b668b9a8f1b1ca5]
  ignore line: [COLLECT_GCC_OPTIONS='-isysroot' '/Applications/Xcode.app/Contents/Developer/Platforms/MacOSX.platform/Developer/SDKs/MacOSX14.5.sdk' '-v' '-o' 'CMakeFiles/cmTC_fc3f9.dir/CMakeCXXCompilerABI.cpp.o' '-c' '-mmacosx-version-min=14.0'  '-nodefaultexport' '-mcpu=apple-m1' '-mlittle-endian' '-mabi=lp64' '-dumpdir' 'CMakeFiles/cmTC_fc3f9.dir/']
  ignore line: [ as -arch arm64 -v -mmacosx-version-min=14.0 -o CMakeFiles/cmTC_fc3f9.dir/CMakeCXXCompilerABI.cpp.o /var/folders/0j/dgd_zzvs06n0xlmt86tcnbx40000gn/T//ccmy6jXt.s]
  ignore line: [Apple clang version 15.0.0 (clang-1500.3.9.4)]
  ignore line: [Target: arm64-apple-darwin23.0.0]
  ignore line: [Thread model: posix]
  ignore line: [InstalledDir: /Applications/Xcode.app/Contents/Developer/Toolchains/XcodeDefault.xctoolchain/usr/bin]
  ignore line: [ "/Applications/Xcode.app/Contents/Developer/Toolchains/XcodeDefault.xctoolchain/usr/bin/clang" -cc1as -triple arm64-apple-macosx14.0.0 -filetype obj -main-file-name ccmy6jXt.s -target-cpu apple-m1 -target-feature +v8.5a -target-feature +crc -target-feature +lse -target-feature +rdm -target-feature +crypto -target-feature +dotprod -target-feature +fp-armv8 -target-feature +neon -target-feature +fp16fml -target-feature +ras -target-feature +rcpc -target-feature +zcm -target-feature +zcz -target-feature +fullfp16 -target-feature +sm4 -target-feature +sha3 -target-feature +sha2 -target-feature +aes -fdebug-compilation-dir=/Users/anastasiakolomnikova/Documents/GitHub/CloudVisualization/cmake-build-debug/CMakeFiles/CMakeTmp -dwarf-debug-producer "Apple clang version 15.0.0 (clang-1500.3.9.4)" -dwarf-version=4 -mrelocation-model pic --mrelax-relocations -mllvm -disable-aligned-alloc-awareness=1 -o CMakeFiles/cmTC_fc3f9.dir/CMakeCXXCompilerABI.cpp.o /var/folders/0j/dgd_zzvs06n0xlmt86tcnbx40000gn/T//ccmy6jXt.s]
  ignore line: [COMPILER_PATH=/opt/homebrew/Cellar/gcc@12/12.4.0/bin/../libexec/gcc/aarch64-apple-darwin23/12/:/opt/homebrew/Cellar/gcc@12/12.4.0/bin/../libexec/gcc/]
  ignore line: [LIBRARY_PATH=/opt/homebrew/Cellar/gcc@12/12.4.0/bin/../lib/gcc/12/gcc/aarch64-apple-darwin23/12/:/opt/homebrew/Cellar/gcc@12/12.4.0/bin/../lib/gcc/12/gcc/:/opt/homebrew/Cellar/gcc@12/12.4.0/bin/../lib/gcc/12/gcc/aarch64-apple-darwin23/12/../../../]
  ignore line: [COLLECT_GCC_OPTIONS='-isysroot' '/Applications/Xcode.app/Contents/Developer/Platforms/MacOSX.platform/Developer/SDKs/MacOSX14.5.sdk' '-v' '-o' 'CMakeFiles/cmTC_fc3f9.dir/CMakeCXXCompilerABI.cpp.o' '-c' '-mmacosx-version-min=14.0'  '-nodefaultexport' '-mcpu=apple-m1' '-mlittle-endian' '-mabi=lp64' '-dumpdir' 'CMakeFiles/cmTC_fc3f9.dir/CMakeCXXCompilerABI.cpp.']
  ignore line: [[2/2] Linking CXX executable cmTC_fc3f9]
  ignore line: [Using built-in specs.]
  ignore line: [COLLECT_GCC=/opt/homebrew/bin/g++-12]
  ignore line: [COLLECT_LTO_WRAPPER=/opt/homebrew/Cellar/gcc@12/12.4.0/bin/../libexec/gcc/aarch64-apple-darwin23/12/lto-wrapper]
  ignore line: [Target: aarch64-apple-darwin23]
  ignore line: [Configured with: ../configure --prefix=/opt/homebrew/opt/gcc@12 --libdir=/opt/homebrew/opt/gcc@12/lib/gcc/12 --disable-nls --enable-checking=release --with-gcc-major-version-only --enable-languages=c,c++,objc,obj-c++,fortran --program-suffix=-12 --with-gmp=/opt/homebrew/opt/gmp --with-mpfr=/opt/homebrew/opt/mpfr --with-mpc=/opt/homebrew/opt/libmpc --with-isl=/opt/homebrew/opt/isl --with-zstd=/opt/homebrew/opt/zstd --with-pkgversion='Homebrew GCC 12.4.0' --with-bugurl=https://github.com/Homebrew/homebrew-core/issues --with-system-zlib --build=aarch64-apple-darwin23 --with-sysroot=/Library/Developer/CommandLineTools/SDKs/MacOSX14.sdk --with-ld=/Library/Developer/CommandLineTools/usr/bin/ld-classic]
  ignore line: [Thread model: posix]
  ignore line: [Supported LTO compression algorithms: zlib zstd]
  ignore line: [gcc version 12.4.0 (Homebrew GCC 12.4.0) ]
  ignore line: [COMPILER_PATH=/opt/homebrew/Cellar/gcc@12/12.4.0/bin/../libexec/gcc/aarch64-apple-darwin23/12/:/opt/homebrew/Cellar/gcc@12/12.4.0/bin/../libexec/gcc/]
  ignore line: [LIBRARY_PATH=/opt/homebrew/Cellar/gcc@12/12.4.0/bin/../lib/gcc/12/gcc/aarch64-apple-darwin23/12/:/opt/homebrew/Cellar/gcc@12/12.4.0/bin/../lib/gcc/12/gcc/:/opt/homebrew/Cellar/gcc@12/12.4.0/bin/../lib/gcc/12/gcc/aarch64-apple-darwin23/12/../../../]
  ignore line: [COLLECT_GCC_OPTIONS='-isysroot' '/Applications/Xcode.app/Contents/Developer/Platforms/MacOSX.platform/Developer/SDKs/MacOSX14.5.sdk' '-v' '-o' 'cmTC_fc3f9' '-mmacosx-version-min=14.0' '-asm_macosx_version_min=14.0' '-nodefaultexport' '-mcpu=apple-m1' '-mlittle-endian' '-mabi=lp64' '-dumpdir' 'cmTC_fc3f9.']
  link line: [ /opt/homebrew/Cellar/gcc@12/12.4.0/bin/../libexec/gcc/aarch64-apple-darwin23/12/collect2 -demangle -dynamic -arch arm64 -syslibroot /Applications/Xcode.app/Contents/Developer/Platforms/MacOSX.platform/Developer/SDKs/MacOSX14.5.sdk -platform_version macos 14.0 0.0 -o cmTC_fc3f9 -L/opt/homebrew/Cellar/gcc@12/12.4.0/bin/../lib/gcc/12/gcc/aarch64-apple-darwin23/12 -L/opt/homebrew/Cellar/gcc@12/12.4.0/bin/../lib/gcc/12/gcc -L/opt/homebrew/Cellar/gcc@12/12.4.0/bin/../lib/gcc/12/gcc/aarch64-apple-darwin23/12/../../.. -lemutls_w -lheapt_w -search_paths_first -headerpad_max_install_names -v CMakeFiles/cmTC_fc3f9.dir/CMakeCXXCompilerABI.cpp.o -lstdc++ -lgcc -lSystem -no_compact_unwind -rpath @loader_path -rpath /opt/homebrew/Cellar/gcc@12/12.4.0/lib/gcc/12/gcc/aarch64-apple-darwin23/12 -rpath /opt/homebrew/Cellar/gcc@12/12.4.0/lib/gcc/12/gcc -rpath /opt/homebrew/Cellar/gcc@12/12.4.0/lib/gcc/12]
    arg [/opt/homebrew/Cellar/gcc@12/12.4.0/bin/../libexec/gcc/aarch64-apple-darwin23/12/collect2] ==> ignore
    arg [-demangle] ==> ignore
    arg [-dynamic] ==> ignore
    arg [-arch] ==> ignore
    arg [arm64] ==> ignore
    arg [-syslibroot] ==> ignore
    arg [/Applications/Xcode.app/Contents/Developer/Platforms/MacOSX.platform/Developer/SDKs/MacOSX14.5.sdk] ==> ignore
    arg [-platform_version] ==> ignore
    arg [macos] ==> ignore
    arg [14.0] ==> ignore
    arg [0.0] ==> ignore
    arg [-o] ==> ignore
    arg [cmTC_fc3f9] ==> ignore
    arg [-L/opt/homebrew/Cellar/gcc@12/12.4.0/bin/../lib/gcc/12/gcc/aarch64-apple-darwin23/12] ==> dir [/opt/homebrew/Cellar/gcc@12/12.4.0/bin/../lib/gcc/12/gcc/aarch64-apple-darwin23/12]
    arg [-L/opt/homebrew/Cellar/gcc@12/12.4.0/bin/../lib/gcc/12/gcc] ==> dir [/opt/homebrew/Cellar/gcc@12/12.4.0/bin/../lib/gcc/12/gcc]
    arg [-L/opt/homebrew/Cellar/gcc@12/12.4.0/bin/../lib/gcc/12/gcc/aarch64-apple-darwin23/12/../../..] ==> dir [/opt/homebrew/Cellar/gcc@12/12.4.0/bin/../lib/gcc/12/gcc/aarch64-apple-darwin23/12/../../..]
    arg [-lemutls_w] ==> lib [emutls_w]
    arg [-lheapt_w] ==> lib [heapt_w]
    arg [-search_paths_first] ==> ignore
    arg [-headerpad_max_install_names] ==> ignore
    arg [-v] ==> ignore
    arg [CMakeFiles/cmTC_fc3f9.dir/CMakeCXXCompilerABI.cpp.o] ==> ignore
    arg [-lstdc++] ==> lib [stdc++]
    arg [-lgcc] ==> lib [gcc]
    arg [-lSystem] ==> lib [System]
    arg [-no_compact_unwind] ==> ignore
    arg [-rpath] ==> ignore
    arg [@loader_path] ==> ignore
    arg [-rpath] ==> ignore
    arg [/opt/homebrew/Cellar/gcc@12/12.4.0/lib/gcc/12/gcc/aarch64-apple-darwin23/12] ==> ignore
    arg [-rpath] ==> ignore
    arg [/opt/homebrew/Cellar/gcc@12/12.4.0/lib/gcc/12/gcc] ==> ignore
    arg [-rpath] ==> ignore
    arg [/opt/homebrew/Cellar/gcc@12/12.4.0/lib/gcc/12] ==> ignore
  Library search paths: [;/opt/homebrew/Cellar/gcc@12/12.4.0/lib/gcc/12/gcc/aarch64-apple-darwin23/12;/opt/homebrew/Cellar/gcc@12/12.4.0/lib/gcc/12/gcc;/opt/homebrew/Cellar/gcc@12/12.4.0/lib/gcc/12;/Applications/Xcode.app/Contents/Developer/Platforms/MacOSX.platform/Developer/SDKs/MacOSX14.5.sdk/usr/lib;/Applications/Xcode.app/Contents/Developer/Platforms/MacOSX.platform/Developer/SDKs/MacOSX14.5.sdk/usr/lib/swift]
  Framework search paths: [;/Applications/Xcode.app/Contents/Developer/Platforms/MacOSX.platform/Developer/SDKs/MacOSX14.5.sdk/System/Library/Frameworks]
  remove lib [System]
  collapse library dir [/opt/homebrew/Cellar/gcc@12/12.4.0/bin/../lib/gcc/12/gcc/aarch64-apple-darwin23/12] ==> [/opt/homebrew/Cellar/gcc@12/12.4.0/lib/gcc/12/gcc/aarch64-apple-darwin23/12]
  collapse library dir [/opt/homebrew/Cellar/gcc@12/12.4.0/bin/../lib/gcc/12/gcc] ==> [/opt/homebrew/Cellar/gcc@12/12.4.0/lib/gcc/12/gcc]
  collapse library dir [/opt/homebrew/Cellar/gcc@12/12.4.0/bin/../lib/gcc/12/gcc/aarch64-apple-darwin23/12/../../..] ==> [/opt/homebrew/Cellar/gcc@12/12.4.0/lib/gcc/12]
  collapse library dir [/opt/homebrew/Cellar/gcc@12/12.4.0/lib/gcc/12/gcc/aarch64-apple-darwin23/12] ==> [/opt/homebrew/Cellar/gcc@12/12.4.0/lib/gcc/12/gcc/aarch64-apple-darwin23/12]
  collapse library dir [/opt/homebrew/Cellar/gcc@12/12.4.0/lib/gcc/12/gcc] ==> [/opt/homebrew/Cellar/gcc@12/12.4.0/lib/gcc/12/gcc]
  collapse library dir [/opt/homebrew/Cellar/gcc@12/12.4.0/lib/gcc/12] ==> [/opt/homebrew/Cellar/gcc@12/12.4.0/lib/gcc/12]
  collapse library dir [/Applications/Xcode.app/Contents/Developer/Platforms/MacOSX.platform/Developer/SDKs/MacOSX14.5.sdk/usr/lib] ==> [/Applications/Xcode.app/Contents/Developer/Platforms/MacOSX.platform/Developer/SDKs/MacOSX14.5.sdk/usr/lib]
  collapse library dir [/Applications/Xcode.app/Contents/Developer/Platforms/MacOSX.platform/Developer/SDKs/MacOSX14.5.sdk/usr/lib/swift] ==> [/Applications/Xcode.app/Contents/Developer/Platforms/MacOSX.platform/Developer/SDKs/MacOSX14.5.sdk/usr/lib/swift]
  collapse framework dir [/Applications/Xcode.app/Contents/Developer/Platforms/MacOSX.platform/Developer/SDKs/MacOSX14.5.sdk/System/Library/Frameworks] ==> [/Applications/Xcode.app/Contents/Developer/Platforms/MacOSX.platform/Developer/SDKs/MacOSX14.5.sdk/System/Library/Frameworks]
  implicit libs: [emutls_w;heapt_w;stdc++;gcc]
  implicit objs: []
  implicit dirs: [/opt/homebrew/Cellar/gcc@12/12.4.0/lib/gcc/12/gcc/aarch64-apple-darwin23/12;/opt/homebrew/Cellar/gcc@12/12.4.0/lib/gcc/12/gcc;/opt/homebrew/Cellar/gcc@12/12.4.0/lib/gcc/12;/Applications/Xcode.app/Contents/Developer/Platforms/MacOSX.platform/Developer/SDKs/MacOSX14.5.sdk/usr/lib;/Applications/Xcode.app/Contents/Developer/Platforms/MacOSX.platform/Developer/SDKs/MacOSX14.5.sdk/usr/lib/swift]
  implicit fwks: [/Applications/Xcode.app/Contents/Developer/Platforms/MacOSX.platform/Developer/SDKs/MacOSX14.5.sdk/System/Library/Frameworks]


Detecting CXX OpenMP compiler ABI info compiled with the following output:
Change Dir: /Users/anastasiakolomnikova/Documents/GitHub/CloudVisualization/cmake-build-debug/CMakeFiles/CMakeTmp

Run Build Command(s):/Applications/CLion.app/Contents/bin/ninja/mac/ninja cmTC_f97ec && [1/2] Building CXX object CMakeFiles/cmTC_f97ec.dir/OpenMPTryFlag.cpp.o
Using built-in specs.
COLLECT_GCC=/opt/homebrew/bin/g++-12
Target: aarch64-apple-darwin23
Configured with: ../configure --prefix=/opt/homebrew/opt/gcc@12 --libdir=/opt/homebrew/opt/gcc@12/lib/gcc/12 --disable-nls --enable-checking=release --with-gcc-major-version-only --enable-languages=c,c++,objc,obj-c++,fortran --program-suffix=-12 --with-gmp=/opt/homebrew/opt/gmp --with-mpfr=/opt/homebrew/opt/mpfr --with-mpc=/opt/homebrew/opt/libmpc --with-isl=/opt/homebrew/opt/isl --with-zstd=/opt/homebrew/opt/zstd --with-pkgversion='Homebrew GCC 12.4.0' --with-bugurl=https://github.com/Homebrew/homebrew-core/issues --with-system-zlib --build=aarch64-apple-darwin23 --with-sysroot=/Library/Developer/CommandLineTools/SDKs/MacOSX14.sdk --with-ld=/Library/Developer/CommandLineTools/usr/bin/ld-classic
Thread model: posix
Supported LTO compression algorithms: zlib zstd
gcc version 12.4.0 (Homebrew GCC 12.4.0) 
COLLECT_GCC_OPTIONS='-fopenmp' '-v' '-isysroot' '/Applications/Xcode.app/Contents/Developer/Platforms/MacOSX.platform/Developer/SDKs/MacOSX14.5.sdk' '-o' 'CMakeFiles/cmTC_f97ec.dir/OpenMPTryFlag.cpp.o' '-c' '-mmacosx-version-min=14.0' '-asm_macosx_version_min=14.0' '-nodefaultexport' '-mcpu=apple-m1' '-mlittle-endian' '-mabi=lp64' '-dumpdir' 'CMakeFiles/cmTC_f97ec.dir/'
 /opt/homebrew/Cellar/gcc@12/12.4.0/bin/../libexec/gcc/aarch64-apple-darwin23/12/cc1plus -quiet -v -iprefix /opt/homebrew/Cellar/gcc@12/12.4.0/bin/../lib/gcc/12/gcc/aarch64-apple-darwin23/12/ -D__DYNAMIC__ -isysroot /Applications/Xcode.app/Contents/Developer/Platforms/MacOSX.platform/Developer/SDKs/MacOSX14.5.sdk /Users/anastasiakolomnikova/Documents/GitHub/CloudVisualization/cmake-build-debug/CMakeFiles/FindOpenMP/OpenMPTryFlag.cpp -fPIC -quiet -dumpdir CMakeFiles/cmTC_f97ec.dir/ -dumpbase OpenMPTryFlag.cpp.cpp -dumpbase-ext .cpp -mmacosx-version-min=14.0 -mcpu=apple-m1 -mlittle-endian -mabi=lp64 -version -fopenmp -o /var/folders/0j/dgd_zzvs06n0xlmt86tcnbx40000gn/T//ccJcxs6B.s
GNU C++17 (Homebrew GCC 12.4.0) version 12.4.0 (aarch64-apple-darwin23)
	compiled by GNU C version 12.4.0, GMP version 6.3.0, MPFR version 4.2.1, MPC version 1.3.1, isl version isl-0.27-GMP

GGC heuristics: --param ggc-min-expand=100 --param ggc-min-heapsize=131072
ignoring nonexistent directory "/opt/homebrew/Cellar/gcc@12/12.4.0/bin/../lib/gcc/12/gcc/aarch64-apple-darwin23/12/../../../../../../aarch64-apple-darwin23/include"
ignoring duplicate directory "/opt/homebrew/Cellar/gcc@12/12.4.0/bin/../lib/gcc/12/gcc/../../../../lib/gcc/12/gcc/aarch64-apple-darwin23/12/../../../../../../include/c++/12"
ignoring duplicate directory "/opt/homebrew/Cellar/gcc@12/12.4.0/bin/../lib/gcc/12/gcc/../../../../lib/gcc/12/gcc/aarch64-apple-darwin23/12/../../../../../../include/c++/12/aarch64-apple-darwin23"
ignoring duplicate directory "/opt/homebrew/Cellar/gcc@12/12.4.0/bin/../lib/gcc/12/gcc/../../../../lib/gcc/12/gcc/aarch64-apple-darwin23/12/../../../../../../include/c++/12/backward"
ignoring duplicate directory "/opt/homebrew/Cellar/gcc@12/12.4.0/bin/../lib/gcc/12/gcc/../../../../lib/gcc/12/gcc/aarch64-apple-darwin23/12/include"
ignoring nonexistent directory "/Applications/Xcode.app/Contents/Developer/Platforms/MacOSX.platform/Developer/SDKs/MacOSX14.5.sdk/usr/local/include"
ignoring duplicate directory "/opt/homebrew/Cellar/gcc@12/12.4.0/bin/../lib/gcc/12/gcc/../../../../lib/gcc/12/gcc/aarch64-apple-darwin23/12/include-fixed"
ignoring nonexistent directory "/opt/homebrew/Cellar/gcc@12/12.4.0/bin/../lib/gcc/12/gcc/../../../../lib/gcc/12/gcc/aarch64-apple-darwin23/12/../../../../../../aarch64-apple-darwin23/include"
ignoring nonexistent directory "/Applications/Xcode.app/Contents/Developer/Platforms/MacOSX.platform/Developer/SDKs/MacOSX14.5.sdk/Library/Frameworks"
#include "..." search starts here:
#include <...> search starts here:
 /opt/homebrew/Cellar/gcc@12/12.4.0/bin/../lib/gcc/12/gcc/aarch64-apple-darwin23/12/../../../../../../include/c++/12
 /opt/homebrew/Cellar/gcc@12/12.4.0/bin/../lib/gcc/12/gcc/aarch64-apple-darwin23/12/../../../../../../include/c++/12/aarch64-apple-darwin23
 /opt/homebrew/Cellar/gcc@12/12.4.0/bin/../lib/gcc/12/gcc/aarch64-apple-darwin23/12/../../../../../../include/c++/12/backward
 /opt/homebrew/Cellar/gcc@12/12.4.0/bin/../lib/gcc/12/gcc/aarch64-apple-darwin23/12/include
 /opt/homebrew/Cellar/gcc@12/12.4.0/bin/../lib/gcc/12/gcc/aarch64-apple-darwin23/12/include-fixed
 /Applications/Xcode.app/Contents/Developer/Platforms/MacOSX.platform/Developer/SDKs/MacOSX14.5.sdk/usr/include
 /Applications/Xcode.app/Contents/Developer/Platforms/MacOSX.platform/Developer/SDKs/MacOSX14.5.sdk/System/Library/Frameworks
End of search list.
Compiler executable checksum: b344e14dd41fd11f0b668b9a8f1b1ca5
COLLECT_GCC_OPTIONS='-fopenmp' '-v' '-isysroot' '/Applications/Xcode.app/Contents/Developer/Platforms/MacOSX.platform/Developer/SDKs/MacOSX14.5.sdk' '-o' 'CMakeFiles/cmTC_f97ec.dir/OpenMPTryFlag.cpp.o' '-c' '-mmacosx-version-min=14.0'  '-nodefaultexport' '-mcpu=apple-m1' '-mlittle-endian' '-mabi=lp64' '-dumpdir' 'CMakeFiles/cmTC_f97ec.dir/'
 as -arch arm64 -v -mmacosx-version-min=14.0 -o CMakeFiles/cmTC_f97ec.dir/OpenMPTryFlag.cpp.o /var/folders/0j/dgd_zzvs06n0xlmt86tcnbx40000gn/T//ccJcxs6B.s
Apple clang version 15.0.0 (clang-1500.3.9.4)
Target: arm64-apple-darwin23.0.0
Thread model: posix
InstalledDir: /Applications/Xcode.app/Contents/Developer/Toolchains/XcodeDefault.xctoolchain/usr/bin
 "/Applications/Xcode.app/Contents/Developer/Toolchains/XcodeDefault.xctoolchain/usr/bin/clang" -cc1as -triple arm64-apple-macosx14.0.0 -filetype obj -main-file-name ccJcxs6B.s -target-cpu apple-m1 -target-feature +v8.5a -target-feature +crc -target-feature +lse -target-feature +rdm -target-feature +crypto -target-feature +dotprod -target-feature +fp-armv8 -target-feature +neon -target-feature +fp16fml -target-feature +ras -target-feature +rcpc -target-feature +zcm -target-feature +zcz -target-feature +fullfp16 -target-feature +sm4 -target-feature +sha3 -target-feature +sha2 -target-feature +aes -fdebug-compilation-dir=/Users/anastasiakolomnikova/Documents/GitHub/CloudVisualization/cmake-build-debug/CMakeFiles/CMakeTmp -dwarf-debug-producer "Apple clang version 15.0.0 (clang-1500.3.9.4)" -dwarf-version=4 -mrelocation-model pic --mrelax-relocations -mllvm -disable-aligned-alloc-awareness=1 -o CMakeFiles/cmTC_f97ec.dir/OpenMPTryFlag.cpp.o /var/folders/0j/dgd_zzvs06n0xlmt86tcnbx40000gn/T//ccJcxs6B.s
COMPILER_PATH=/opt/homebrew/Cellar/gcc@12/12.4.0/bin/../libexec/gcc/aarch64-apple-darwin23/12/:/opt/homebrew/Cellar/gcc@12/12.4.0/bin/../libexec/gcc/
LIBRARY_PATH=/opt/homebrew/Cellar/gcc@12/12.4.0/bin/../lib/gcc/12/gcc/aarch64-apple-darwin23/12/:/opt/homebrew/Cellar/gcc@12/12.4.0/bin/../lib/gcc/12/gcc/:/opt/homebrew/Cellar/gcc@12/12.4.0/bin/../lib/gcc/12/gcc/aarch64-apple-darwin23/12/../../../
COLLECT_GCC_OPTIONS='-fopenmp' '-v' '-isysroot' '/Applications/Xcode.app/Contents/Developer/Platforms/MacOSX.platform/Developer/SDKs/MacOSX14.5.sdk' '-o' 'CMakeFiles/cmTC_f97ec.dir/OpenMPTryFlag.cpp.o' '-c' '-mmacosx-version-min=14.0'  '-nodefaultexport' '-mcpu=apple-m1' '-mlittle-endian' '-mabi=lp64' '-dumpdir' 'CMakeFiles/cmTC_f97ec.dir/OpenMPTryFlag.cpp.'
[2/2] Linking CXX executable cmTC_f97ec
Using built-in specs.
COLLECT_GCC=/opt/homebrew/bin/g++-12
COLLECT_LTO_WRAPPER=/opt/homebrew/Cellar/gcc@12/12.4.0/bin/../libexec/gcc/aarch64-apple-darwin23/12/lto-wrapper
Target: aarch64-apple-darwin23
Configured with: ../configure --prefix=/opt/homebrew/opt/gcc@12 --libdir=/opt/homebrew/opt/gcc@12/lib/gcc/12 --disable-nls --enable-checking=release --with-gcc-major-version-only --enable-languages=c,c++,objc,obj-c++,fortran --program-suffix=-12 --with-gmp=/opt/homebrew/opt/gmp --with-mpfr=/opt/homebrew/opt/mpfr --with-mpc=/opt/homebrew/opt/libmpc --with-isl=/opt/homebrew/opt/isl --with-zstd=/opt/homebrew/opt/zstd --with-pkgversion='Homebrew GCC 12.4.0' --with-bugurl=https://github.com/Homebrew/homebrew-core/issues --with-system-zlib --build=aarch64-apple-darwin23 --with-sysroot=/Library/Developer/CommandLineTools/SDKs/MacOSX14.sdk --with-ld=/Library/Developer/CommandLineTools/usr/bin/ld-classic
Thread model: posix
Supported LTO compression algorithms: zlib zstd
gcc version 12.4.0 (Homebrew GCC 12.4.0) 
COMPILER_PATH=/opt/homebrew/Cellar/gcc@12/12.4.0/bin/../libexec/gcc/aarch64-apple-darwin23/12/:/opt/homebrew/Cellar/gcc@12/12.4.0/bin/../libexec/gcc/
LIBRARY_PATH=/opt/homebrew/Cellar/gcc@12/12.4.0/bin/../lib/gcc/12/gcc/aarch64-apple-darwin23/12/:/opt/homebrew/Cellar/gcc@12/12.4.0/bin/../lib/gcc/12/gcc/:/opt/homebrew/Cellar/gcc@12/12.4.0/bin/../lib/gcc/12/gcc/aarch64-apple-darwin23/12/../../../
COLLECT_GCC_OPTIONS='-fopenmp' '-v' '-isysroot' '/Applications/Xcode.app/Contents/Developer/Platforms/MacOSX.platform/Developer/SDKs/MacOSX14.5.sdk' '-o' 'cmTC_f97ec' '-v' '-mmacosx-version-min=14.0' '-asm_macosx_version_min=14.0' '-nodefaultexport' '-mcpu=apple-m1' '-mlittle-endian' '-mabi=lp64' '-dumpdir' 'cmTC_f97ec.'
 /opt/homebrew/Cellar/gcc@12/12.4.0/bin/../libexec/gcc/aarch64-apple-darwin23/12/collect2 -demangle -dynamic -arch arm64 -syslibroot /Applications/Xcode.app/Contents/Developer/Platforms/MacOSX.platform/Developer/SDKs/MacOSX14.5.sdk -platform_version macos 14.0 0.0 -o cmTC_f97ec -L/opt/homebrew/Cellar/gcc@12/12.4.0/bin/../lib/gcc/12/gcc/aarch64-apple-darwin23/12 -L/opt/homebrew/Cellar/gcc@12/12.4.0/bin/../lib/gcc/12/gcc -L/opt/homebrew/Cellar/gcc@12/12.4.0/bin/../lib/gcc/12/gcc/aarch64-apple-darwin23/12/../../.. -lemutls_w -lheapt_w -search_paths_first -headerpad_max_install_names CMakeFiles/cmTC_f97ec.dir/OpenMPTryFlag.cpp.o -v -lstdc++ -lgomp -lgcc -lSystem -no_compact_unwind -rpath @loader_path -rpath /opt/homebrew/Cellar/gcc@12/12.4.0/lib/gcc/12/gcc/aarch64-apple-darwin23/12 -rpath /opt/homebrew/Cellar/gcc@12/12.4.0/lib/gcc/12/gcc -rpath /opt/homebrew/Cellar/gcc@12/12.4.0/lib/gcc/12
collect2 version 12.4.0
/usr/bin/ld -demangle -dynamic -arch arm64 -syslibroot /Applications/Xcode.app/Contents/Developer/Platforms/MacOSX.platform/Developer/SDKs/MacOSX14.5.sdk -platform_version macos 14.0 0.0 -o cmTC_f97ec -L/opt/homebrew/Cellar/gcc@12/12.4.0/bin/../lib/gcc/12/gcc/aarch64-apple-darwin23/12 -L/opt/homebrew/Cellar/gcc@12/12.4.0/bin/../lib/gcc/12/gcc -L/opt/homebrew/Cellar/gcc@12/12.4.0/bin/../lib/gcc/12/gcc/aarch64-apple-darwin23/12/../../.. -lemutls_w -lheapt_w -search_paths_first -headerpad_max_install_names CMakeFiles/cmTC_f97ec.dir/OpenMPTryFlag.cpp.o -v -lstdc++ -lgomp -lgcc -lSystem -no_compact_unwind -rpath @loader_path -rpath /opt/homebrew/Cellar/gcc@12/12.4.0/lib/gcc/12/gcc/aarch64-apple-darwin23/12 -rpath /opt/homebrew/Cellar/gcc@12/12.4.0/lib/gcc/12/gcc -rpath /opt/homebrew/Cellar/gcc@12/12.4.0/lib/gcc/12
@(#)PROGRAM:ld PROJECT:ld-1053.12
BUILD 10:15:51 Mar 29 2024
configured to support archs: armv6 armv7 armv7s arm64 arm64e arm64_32 i386 x86_64 x86_64h armv6m armv7k armv7m armv7em
will use ld-classic for: armv6 armv7 armv7s arm64_32 i386 armv6m armv7k armv7m armv7em
LTO support using: LLVM version 15.0.0 (static support for 29, runtime is 29)
TAPI support using: Apple TAPI version 15.0.0 (tapi-1500.3.2.2)
Library search paths:
	/opt/homebrew/Cellar/gcc@12/12.4.0/lib/gcc/12/gcc/aarch64-apple-darwin23/12
	/opt/homebrew/Cellar/gcc@12/12.4.0/lib/gcc/12/gcc
	/opt/homebrew/Cellar/gcc@12/12.4.0/lib/gcc/12
	/Applications/Xcode.app/Contents/Developer/Platforms/MacOSX.platform/Developer/SDKs/MacOSX14.5.sdk/usr/lib
	/Applications/Xcode.app/Contents/Developer/Platforms/MacOSX.platform/Developer/SDKs/MacOSX14.5.sdk/usr/lib/swift
Framework search paths:
	/Applications/Xcode.app/Contents/Developer/Platforms/MacOSX.platform/Developer/SDKs/MacOSX14.5.sdk/System/Library/Frameworks



Parsed CXX OpenMP implicit link information from above output:
  link line regex: [^( *|.*[/\])(ld|CMAKE_LINK_STARTFILE-NOTFOUND|([^/\]+-)?ld|collect2)[^/\]*( |$)]
  ignore line: [Change Dir: /Users/anastasiakolomnikova/Documents/GitHub/CloudVisualization/cmake-build-debug/CMakeFiles/CMakeTmp]
  ignore line: []
  ignore line: [Run Build Command(s):/Applications/CLion.app/Contents/bin/ninja/mac/ninja cmTC_f97ec && [1/2] Building CXX object CMakeFiles/cmTC_f97ec.dir/OpenMPTryFlag.cpp.o]
  ignore line: [Using built-in specs.]
  ignore line: [COLLECT_GCC=/opt/homebrew/bin/g++-12]
  ignore line: [Target: aarch64-apple-darwin23]
  ignore line: [Configured with: ../configure --prefix=/opt/homebrew/opt/gcc@12 --libdir=/opt/homebrew/opt/gcc@12/lib/gcc/12 --disable-nls --enable-checking=release --with-gcc-major-version-only --enable-languages=c,c++,objc,obj-c++,fortran --program-suffix=-12 --with-gmp=/opt/homebrew/opt/gmp --with-mpfr=/opt/homebrew/opt/mpfr --with-mpc=/opt/homebrew/opt/libmpc --with-isl=/opt/homebrew/opt/isl --with-zstd=/opt/homebrew/opt/zstd --with-pkgversion='Homebrew GCC 12.4.0' --with-bugurl=https://github.com/Homebrew/homebrew-core/issues --with-system-zlib --build=aarch64-apple-darwin23 --with-sysroot=/Library/Developer/CommandLineTools/SDKs/MacOSX14.sdk --with-ld=/Library/Developer/CommandLineTools/usr/bin/ld-classic]
  ignore line: [Thread model: posix]
  ignore line: [Supported LTO compression algorithms: zlib zstd]
  ignore line: [gcc version 12.4.0 (Homebrew GCC 12.4.0) ]
  ignore line: [COLLECT_GCC_OPTIONS='-fopenmp' '-v' '-isysroot' '/Applications/Xcode.app/Contents/Developer/Platforms/MacOSX.platform/Developer/SDKs/MacOSX14.5.sdk' '-o' 'CMakeFiles/cmTC_f97ec.dir/OpenMPTryFlag.cpp.o' '-c' '-mmacosx-version-min=14.0' '-asm_macosx_version_min=14.0' '-nodefaultexport' '-mcpu=apple-m1' '-mlittle-endian' '-mabi=lp64' '-dumpdir' 'CMakeFiles/cmTC_f97ec.dir/']
  ignore line: [ /opt/homebrew/Cellar/gcc@12/12.4.0/bin/../libexec/gcc/aarch64-apple-darwin23/12/cc1plus -quiet -v -iprefix /opt/homebrew/Cellar/gcc@12/12.4.0/bin/../lib/gcc/12/gcc/aarch64-apple-darwin23/12/ -D__DYNAMIC__ -isysroot /Applications/Xcode.app/Contents/Developer/Platforms/MacOSX.platform/Developer/SDKs/MacOSX14.5.sdk /Users/anastasiakolomnikova/Documents/GitHub/CloudVisualization/cmake-build-debug/CMakeFiles/FindOpenMP/OpenMPTryFlag.cpp -fPIC -quiet -dumpdir CMakeFiles/cmTC_f97ec.dir/ -dumpbase OpenMPTryFlag.cpp.cpp -dumpbase-ext .cpp -mmacosx-version-min=14.0 -mcpu=apple-m1 -mlittle-endian -mabi=lp64 -version -fopenmp -o /var/folders/0j/dgd_zzvs06n0xlmt86tcnbx40000gn/T//ccJcxs6B.s]
  ignore line: [GNU C++17 (Homebrew GCC 12.4.0) version 12.4.0 (aarch64-apple-darwin23)]
  ignore line: [	compiled by GNU C version 12.4.0  GMP version 6.3.0  MPFR version 4.2.1  MPC version 1.3.1  isl version isl-0.27-GMP]
  ignore line: []
  ignore line: [GGC heuristics: --param ggc-min-expand=100 --param ggc-min-heapsize=131072]
  ignore line: [ignoring nonexistent directory "/opt/homebrew/Cellar/gcc@12/12.4.0/bin/../lib/gcc/12/gcc/aarch64-apple-darwin23/12/../../../../../../aarch64-apple-darwin23/include"]
  ignore line: [ignoring duplicate directory "/opt/homebrew/Cellar/gcc@12/12.4.0/bin/../lib/gcc/12/gcc/../../../../lib/gcc/12/gcc/aarch64-apple-darwin23/12/../../../../../../include/c++/12"]
  ignore line: [ignoring duplicate directory "/opt/homebrew/Cellar/gcc@12/12.4.0/bin/../lib/gcc/12/gcc/../../../../lib/gcc/12/gcc/aarch64-apple-darwin23/12/../../../../../../include/c++/12/aarch64-apple-darwin23"]
  ignore line: [ignoring duplicate directory "/opt/homebrew/Cellar/gcc@12/12.4.0/bin/../lib/gcc/12/gcc/../../../../lib/gcc/12/gcc/aarch64-apple-darwin23/12/../../../../../../include/c++/12/backward"]
  ignore line: [ignoring duplicate directory "/opt/homebrew/Cellar/gcc@12/12.4.0/bin/../lib/gcc/12/gcc/../../../../lib/gcc/12/gcc/aarch64-apple-darwin23/12/include"]
  ignore line: [ignoring nonexistent directory "/Applications/Xcode.app/Contents/Developer/Platforms/MacOSX.platform/Developer/SDKs/MacOSX14.5.sdk/usr/local/include"]
  ignore line: [ignoring duplicate directory "/opt/homebrew/Cellar/gcc@12/12.4.0/bin/../lib/gcc/12/gcc/../../../../lib/gcc/12/gcc/aarch64-apple-darwin23/12/include-fixed"]
  ignore line: [ignoring nonexistent directory "/opt/homebrew/Cellar/gcc@12/12.4.0/bin/../lib/gcc/12/gcc/../../../../lib/gcc/12/gcc/aarch64-apple-darwin23/12/../../../../../../aarch64-apple-darwin23/include"]
  ignore line: [ignoring nonexistent directory "/Applications/Xcode.app/Contents/Developer/Platforms/MacOSX.platform/Developer/SDKs/MacOSX14.5.sdk/Library/Frameworks"]
  ignore line: [#include "..." search starts here:]
  ignore line: [#include <...> search starts here:]
  ignore line: [ /opt/homebrew/Cellar/gcc@12/12.4.0/bin/../lib/gcc/12/gcc/aarch64-apple-darwin23/12/../../../../../../include/c++/12]
  ignore line: [ /opt/homebrew/Cellar/gcc@12/12.4.0/bin/../lib/gcc/12/gcc/aarch64-apple-darwin23/12/../../../../../../include/c++/12/aarch64-apple-darwin23]
  ignore line: [ /opt/homebrew/Cellar/gcc@12/12.4.0/bin/../lib/gcc/12/gcc/aarch64-apple-darwin23/12/../../../../../../include/c++/12/backward]
  ignore line: [ /opt/homebrew/Cellar/gcc@12/12.4.0/bin/../lib/gcc/12/gcc/aarch64-apple-darwin23/12/include]
  ignore line: [ /opt/homebrew/Cellar/gcc@12/12.4.0/bin/../lib/gcc/12/gcc/aarch64-apple-darwin23/12/include-fixed]
  ignore line: [ /Applications/Xcode.app/Contents/Developer/Platforms/MacOSX.platform/Developer/SDKs/MacOSX14.5.sdk/usr/include]
  ignore line: [ /Applications/Xcode.app/Contents/Developer/Platforms/MacOSX.platform/Developer/SDKs/MacOSX14.5.sdk/System/Library/Frameworks]
  ignore line: [End of search list.]
  ignore line: [Compiler executable checksum: b344e14dd41fd11f0b668b9a8f1b1ca5]
  ignore line: [COLLECT_GCC_OPTIONS='-fopenmp' '-v' '-isysroot' '/Applications/Xcode.app/Contents/Developer/Platforms/MacOSX.platform/Developer/SDKs/MacOSX14.5.sdk' '-o' 'CMakeFiles/cmTC_f97ec.dir/OpenMPTryFlag.cpp.o' '-c' '-mmacosx-version-min=14.0'  '-nodefaultexport' '-mcpu=apple-m1' '-mlittle-endian' '-mabi=lp64' '-dumpdir' 'CMakeFiles/cmTC_f97ec.dir/']
  ignore line: [ as -arch arm64 -v -mmacosx-version-min=14.0 -o CMakeFiles/cmTC_f97ec.dir/OpenMPTryFlag.cpp.o /var/folders/0j/dgd_zzvs06n0xlmt86tcnbx40000gn/T//ccJcxs6B.s]
  ignore line: [Apple clang version 15.0.0 (clang-1500.3.9.4)]
  ignore line: [Target: arm64-apple-darwin23.0.0]
  ignore line: [Thread model: posix]
  ignore line: [InstalledDir: /Applications/Xcode.app/Contents/Developer/Toolchains/XcodeDefault.xctoolchain/usr/bin]
  ignore line: [ "/Applications/Xcode.app/Contents/Developer/Toolchains/XcodeDefault.xctoolchain/usr/bin/clang" -cc1as -triple arm64-apple-macosx14.0.0 -filetype obj -main-file-name ccJcxs6B.s -target-cpu apple-m1 -target-feature +v8.5a -target-feature +crc -target-feature +lse -target-feature +rdm -target-feature +crypto -target-feature +dotprod -target-feature +fp-armv8 -target-feature +neon -target-feature +fp16fml -target-feature +ras -target-feature +rcpc -target-feature +zcm -target-feature +zcz -target-feature +fullfp16 -target-feature +sm4 -target-feature +sha3 -target-feature +sha2 -target-feature +aes -fdebug-compilation-dir=/Users/anastasiakolomnikova/Documents/GitHub/CloudVisualization/cmake-build-debug/CMakeFiles/CMakeTmp -dwarf-debug-producer "Apple clang version 15.0.0 (clang-1500.3.9.4)" -dwarf-version=4 -mrelocation-model pic --mrelax-relocations -mllvm -disable-aligned-alloc-awareness=1 -o CMakeFiles/cmTC_f97ec.dir/OpenMPTryFlag.cpp.o /var/folders/0j/dgd_zzvs06n0xlmt86tcnbx40000gn/T//ccJcxs6B.s]
  ignore line: [COMPILER_PATH=/opt/homebrew/Cellar/gcc@12/12.4.0/bin/../libexec/gcc/aarch64-apple-darwin23/12/:/opt/homebrew/Cellar/gcc@12/12.4.0/bin/../libexec/gcc/]
  ignore line: [LIBRARY_PATH=/opt/homebrew/Cellar/gcc@12/12.4.0/bin/../lib/gcc/12/gcc/aarch64-apple-darwin23/12/:/opt/homebrew/Cellar/gcc@12/12.4.0/bin/../lib/gcc/12/gcc/:/opt/homebrew/Cellar/gcc@12/12.4.0/bin/../lib/gcc/12/gcc/aarch64-apple-darwin23/12/../../../]
  ignore line: [COLLECT_GCC_OPTIONS='-fopenmp' '-v' '-isysroot' '/Applications/Xcode.app/Contents/Developer/Platforms/MacOSX.platform/Developer/SDKs/MacOSX14.5.sdk' '-o' 'CMakeFiles/cmTC_f97ec.dir/OpenMPTryFlag.cpp.o' '-c' '-mmacosx-version-min=14.0'  '-nodefaultexport' '-mcpu=apple-m1' '-mlittle-endian' '-mabi=lp64' '-dumpdir' 'CMakeFiles/cmTC_f97ec.dir/OpenMPTryFlag.cpp.']
  ignore line: [[2/2] Linking CXX executable cmTC_f97ec]
  ignore line: [Using built-in specs.]
  ignore line: [COLLECT_GCC=/opt/homebrew/bin/g++-12]
  ignore line: [COLLECT_LTO_WRAPPER=/opt/homebrew/Cellar/gcc@12/12.4.0/bin/../libexec/gcc/aarch64-apple-darwin23/12/lto-wrapper]
  ignore line: [Target: aarch64-apple-darwin23]
  ignore line: [Configured with: ../configure --prefix=/opt/homebrew/opt/gcc@12 --libdir=/opt/homebrew/opt/gcc@12/lib/gcc/12 --disable-nls --enable-checking=release --with-gcc-major-version-only --enable-languages=c,c++,objc,obj-c++,fortran --program-suffix=-12 --with-gmp=/opt/homebrew/opt/gmp --with-mpfr=/opt/homebrew/opt/mpfr --with-mpc=/opt/homebrew/opt/libmpc --with-isl=/opt/homebrew/opt/isl --with-zstd=/opt/homebrew/opt/zstd --with-pkgversion='Homebrew GCC 12.4.0' --with-bugurl=https://github.com/Homebrew/homebrew-core/issues --with-system-zlib --build=aarch64-apple-darwin23 --with-sysroot=/Library/Developer/CommandLineTools/SDKs/MacOSX14.sdk --with-ld=/Library/Developer/CommandLineTools/usr/bin/ld-classic]
  ignore line: [Thread model: posix]
  ignore line: [Supported LTO compression algorithms: zlib zstd]
  ignore line: [gcc version 12.4.0 (Homebrew GCC 12.4.0) ]
  ignore line: [COMPILER_PATH=/opt/homebrew/Cellar/gcc@12/12.4.0/bin/../libexec/gcc/aarch64-apple-darwin23/12/:/opt/homebrew/Cellar/gcc@12/12.4.0/bin/../libexec/gcc/]
  ignore line: [LIBRARY_PATH=/opt/homebrew/Cellar/gcc@12/12.4.0/bin/../lib/gcc/12/gcc/aarch64-apple-darwin23/12/:/opt/homebrew/Cellar/gcc@12/12.4.0/bin/../lib/gcc/12/gcc/:/opt/homebrew/Cellar/gcc@12/12.4.0/bin/../lib/gcc/12/gcc/aarch64-apple-darwin23/12/../../../]
  ignore line: [COLLECT_GCC_OPTIONS='-fopenmp' '-v' '-isysroot' '/Applications/Xcode.app/Contents/Developer/Platforms/MacOSX.platform/Developer/SDKs/MacOSX14.5.sdk' '-o' 'cmTC_f97ec' '-v' '-mmacosx-version-min=14.0' '-asm_macosx_version_min=14.0' '-nodefaultexport' '-mcpu=apple-m1' '-mlittle-endian' '-mabi=lp64' '-dumpdir' 'cmTC_f97ec.']
  link line: [ /opt/homebrew/Cellar/gcc@12/12.4.0/bin/../libexec/gcc/aarch64-apple-darwin23/12/collect2 -demangle -dynamic -arch arm64 -syslibroot /Applications/Xcode.app/Contents/Developer/Platforms/MacOSX.platform/Developer/SDKs/MacOSX14.5.sdk -platform_version macos 14.0 0.0 -o cmTC_f97ec -L/opt/homebrew/Cellar/gcc@12/12.4.0/bin/../lib/gcc/12/gcc/aarch64-apple-darwin23/12 -L/opt/homebrew/Cellar/gcc@12/12.4.0/bin/../lib/gcc/12/gcc -L/opt/homebrew/Cellar/gcc@12/12.4.0/bin/../lib/gcc/12/gcc/aarch64-apple-darwin23/12/../../.. -lemutls_w -lheapt_w -search_paths_first -headerpad_max_install_names CMakeFiles/cmTC_f97ec.dir/OpenMPTryFlag.cpp.o -v -lstdc++ -lgomp -lgcc -lSystem -no_compact_unwind -rpath @loader_path -rpath /opt/homebrew/Cellar/gcc@12/12.4.0/lib/gcc/12/gcc/aarch64-apple-darwin23/12 -rpath /opt/homebrew/Cellar/gcc@12/12.4.0/lib/gcc/12/gcc -rpath /opt/homebrew/Cellar/gcc@12/12.4.0/lib/gcc/12]
    arg [/opt/homebrew/Cellar/gcc@12/12.4.0/bin/../libexec/gcc/aarch64-apple-darwin23/12/collect2] ==> ignore
    arg [-demangle] ==> ignore
    arg [-dynamic] ==> ignore
    arg [-arch] ==> ignore
    arg [arm64] ==> ignore
    arg [-syslibroot] ==> ignore
    arg [/Applications/Xcode.app/Contents/Developer/Platforms/MacOSX.platform/Developer/SDKs/MacOSX14.5.sdk] ==> ignore
    arg [-platform_version] ==> ignore
    arg [macos] ==> ignore
    arg [14.0] ==> ignore
    arg [0.0] ==> ignore
    arg [-o] ==> ignore
    arg [cmTC_f97ec] ==> ignore
    arg [-L/opt/homebrew/Cellar/gcc@12/12.4.0/bin/../lib/gcc/12/gcc/aarch64-apple-darwin23/12] ==> dir [/opt/homebrew/Cellar/gcc@12/12.4.0/bin/../lib/gcc/12/gcc/aarch64-apple-darwin23/12]
    arg [-L/opt/homebrew/Cellar/gcc@12/12.4.0/bin/../lib/gcc/12/gcc] ==> dir [/opt/homebrew/Cellar/gcc@12/12.4.0/bin/../lib/gcc/12/gcc]
    arg [-L/opt/homebrew/Cellar/gcc@12/12.4.0/bin/../lib/gcc/12/gcc/aarch64-apple-darwin23/12/../../..] ==> dir [/opt/homebrew/Cellar/gcc@12/12.4.0/bin/../lib/gcc/12/gcc/aarch64-apple-darwin23/12/../../..]
    arg [-lemutls_w] ==> lib [emutls_w]
    arg [-lheapt_w] ==> lib [heapt_w]
    arg [-search_paths_first] ==> ignore
    arg [-headerpad_max_install_names] ==> ignore
    arg [CMakeFiles/cmTC_f97ec.dir/OpenMPTryFlag.cpp.o] ==> ignore
    arg [-v] ==> ignore
    arg [-lstdc++] ==> lib [stdc++]
    arg [-lgomp] ==> lib [gomp]
    arg [-lgcc] ==> lib [gcc]
    arg [-lSystem] ==> lib [System]
    arg [-no_compact_unwind] ==> ignore
    arg [-rpath] ==> ignore
    arg [@loader_path] ==> ignore
    arg [-rpath] ==> ignore
    arg [/opt/homebrew/Cellar/gcc@12/12.4.0/lib/gcc/12/gcc/aarch64-apple-darwin23/12] ==> ignore
    arg [-rpath] ==> ignore
    arg [/opt/homebrew/Cellar/gcc@12/12.4.0/lib/gcc/12/gcc] ==> ignore
    arg [-rpath] ==> ignore
    arg [/opt/homebrew/Cellar/gcc@12/12.4.0/lib/gcc/12] ==> ignore
  Library search paths: [;/opt/homebrew/Cellar/gcc@12/12.4.0/lib/gcc/12/gcc/aarch64-apple-darwin23/12;/opt/homebrew/Cellar/gcc@12/12.4.0/lib/gcc/12/gcc;/opt/homebrew/Cellar/gcc@12/12.4.0/lib/gcc/12;/Applications/Xcode.app/Contents/Developer/Platforms/MacOSX.platform/Developer/SDKs/MacOSX14.5.sdk/usr/lib;/Applications/Xcode.app/Contents/Developer/Platforms/MacOSX.platform/Developer/SDKs/MacOSX14.5.sdk/usr/lib/swift]
  Framework search paths: [;/Applications/Xcode.app/Contents/Developer/Platforms/MacOSX.platform/Developer/SDKs/MacOSX14.5.sdk/System/Library/Frameworks]
  remove lib [System]
  collapse library dir [/opt/homebrew/Cellar/gcc@12/12.4.0/bin/../lib/gcc/12/gcc/aarch64-apple-darwin23/12] ==> [/opt/homebrew/Cellar/gcc@12/12.4.0/lib/gcc/12/gcc/aarch64-apple-darwin23/12]
  collapse library dir [/opt/homebrew/Cellar/gcc@12/12.4.0/bin/../lib/gcc/12/gcc] ==> [/opt/homebrew/Cellar/gcc@12/12.4.0/lib/gcc/12/gcc]
  collapse library dir [/opt/homebrew/Cellar/gcc@12/12.4.0/bin/../lib/gcc/12/gcc/aarch64-apple-darwin23/12/../../..] ==> [/opt/homebrew/Cellar/gcc@12/12.4.0/lib/gcc/12]
  collapse library dir [/opt/homebrew/Cellar/gcc@12/12.4.0/lib/gcc/12/gcc/aarch64-apple-darwin23/12] ==> [/opt/homebrew/Cellar/gcc@12/12.4.0/lib/gcc/12/gcc/aarch64-apple-darwin23/12]
  collapse library dir [/opt/homebrew/Cellar/gcc@12/12.4.0/lib/gcc/12/gcc] ==> [/opt/homebrew/Cellar/gcc@12/12.4.0/lib/gcc/12/gcc]
  collapse library dir [/opt/homebrew/Cellar/gcc@12/12.4.0/lib/gcc/12] ==> [/opt/homebrew/Cellar/gcc@12/12.4.0/lib/gcc/12]
  collapse library dir [/Applications/Xcode.app/Contents/Developer/Platforms/MacOSX.platform/Developer/SDKs/MacOSX14.5.sdk/usr/lib] ==> [/Applications/Xcode.app/Contents/Developer/Platforms/MacOSX.platform/Developer/SDKs/MacOSX14.5.sdk/usr/lib]
  collapse library dir [/Applications/Xcode.app/Contents/Developer/Platforms/MacOSX.platform/Developer/SDKs/MacOSX14.5.sdk/usr/lib/swift] ==> [/Applications/Xcode.app/Contents/Developer/Platforms/MacOSX.platform/Developer/SDKs/MacOSX14.5.sdk/usr/lib/swift]
  collapse framework dir [/Applications/Xcode.app/Contents/Developer/Platforms/MacOSX.platform/Developer/SDKs/MacOSX14.5.sdk/System/Library/Frameworks] ==> [/Applications/Xcode.app/Contents/Developer/Platforms/MacOSX.platform/Developer/SDKs/MacOSX14.5.sdk/System/Library/Frameworks]
  implicit libs: [emutls_w;heapt_w;stdc++;gomp;gcc]
  implicit objs: []
  implicit dirs: [/opt/homebrew/Cellar/gcc@12/12.4.0/lib/gcc/12/gcc/aarch64-apple-darwin23/12;/opt/homebrew/Cellar/gcc@12/12.4.0/lib/gcc/12/gcc;/opt/homebrew/Cellar/gcc@12/12.4.0/lib/gcc/12;/Applications/Xcode.app/Contents/Developer/Platforms/MacOSX.platform/Developer/SDKs/MacOSX14.5.sdk/usr/lib;/Applications/Xcode.app/Contents/Developer/Platforms/MacOSX.platform/Developer/SDKs/MacOSX14.5.sdk/usr/lib/swift]
  implicit fwks: [/Applications/Xcode.app/Contents/Developer/Platforms/MacOSX.platform/Developer/SDKs/MacOSX14.5.sdk/System/Library/Frameworks]


Determining if the include file pthread.h exists passed with the following output:
Change Dir: /Users/anastasiakolomnikova/Documents/GitHub/CloudVisualization/cmake-build-debug/CMakeFiles/CMakeTmp

Run Build Command(s):/Applications/CLion.app/Contents/bin/ninja/mac/ninja cmTC_86089 && [1/2] Building C object CMakeFiles/cmTC_86089.dir/CheckIncludeFile.c.o
[2/2] Linking C executable cmTC_86089



Performing C SOURCE FILE Test CMAKE_HAVE_LIBC_PTHREAD succeeded with the following output:
Change Dir: /Users/anastasiakolomnikova/Documents/GitHub/CloudVisualization/cmake-build-debug/CMakeFiles/CMakeTmp

Run Build Command(s):/Applications/CLion.app/Contents/bin/ninja/mac/ninja cmTC_05a10 && [1/2] Building C object CMakeFiles/cmTC_05a10.dir/src.c.o
[2/2] Linking C executable cmTC_05a10


Source file was:
#include <pthread.h>

static void* test_func(void* data)
{
  return data;
}

int main(void)
{
  pthread_t thread;
  pthread_create(&thread, NULL, test_func, NULL);
  pthread_detach(thread);
  pthread_cancel(thread);
  pthread_join(thread, NULL);
  pthread_atfork(NULL, NULL, NULL);
  pthread_exit(NULL);

  return 0;
}

Performing C++ SOURCE FILE Test HAVE_STDATOMIC succeeded with the following output:
Change Dir: /Users/anastasiakolomnikova/Documents/GitHub/CloudVisualization/cmake-build-debug/CMakeFiles/CMakeTmp

Run Build Command(s):/Applications/CLion.app/Contents/bin/ninja/mac/ninja cmTC_320d6 && [1/2] Building CXX object CMakeFiles/cmTC_320d6.dir/src.cxx.o
[2/2] Linking CXX executable cmTC_320d6


Source file was:
#include <atomic>
#include <cstdint>

int main(int, char **)
{
    volatile std::atomic<char>    size_1;
    volatile std::atomic<short>   size_2;
    volatile std::atomic<int>     size_4;
    volatile std::atomic<int64_t> size_8;

    ++size_1;
    ++size_2;
    ++size_4;
    ++size_8;

    (void)size_1.load(std::memory_order_relaxed);
    (void)size_2.load(std::memory_order_relaxed);
    (void)size_4.load(std::memory_order_relaxed);
    (void)size_8.load(std::memory_order_relaxed);

    return 0;
}
